

Microchip MPLAB XC8 Assembler V2.40 build 20220703182018 
                                                                                               Thu Feb 09 23:48:03 2023

Microchip MPLAB XC8 C Compiler v2.40 (Free license) build 20220703182018 Og1 
     1                           	processor	16F887
     2                           	pagewidth 120
     3                           	opt	flic
     4                           	psect	cinit,global,class=CODE,merge=1,delta=2
     5                           	psect	cstackCOMMON,global,class=COMMON,space=1,delta=1,noexec
     6                           	psect	cstackBANK0,global,class=BANK0,space=1,delta=1,noexec
     7                           	psect	maintext,global,class=CODE,split=1,delta=2
     8                           	psect	text1,local,class=CODE,merge=1,delta=2
     9                           	psect	text2,local,class=CODE,merge=1,delta=2
    10                           	psect	text3,local,class=CODE,merge=1,delta=2,group=1
    11                           	psect	text4,local,class=CODE,merge=1,delta=2
    12                           	psect	text5,local,class=CODE,merge=1,delta=2
    13                           	psect	text6,local,class=CODE,merge=1,delta=2
    14                           	psect	text7,local,class=CODE,merge=1,delta=2
    15                           	psect	text8,local,class=CODE,merge=1,delta=2
    16                           	psect	idloc,global,abs,ovrld,class=IDLOC,space=5,delta=2,noexec
    17                           	psect	config,global,abs,ovrld,class=CONFIG,space=4,delta=2,noexec
    18                           	dabs	1,0x7E,2
    19     0000                     
    20                           ; Version 2.40
    21                           ; Generated 04/07/2022 GMT
    22                           ; 
    23                           ; Copyright © 2022, Microchip Technology Inc. and its subsidiaries ("Microchip")
    24                           ; All rights reserved.
    25                           ; 
    26                           ; This software is developed by Microchip Technology Inc. and its subsidiaries ("Microch
      +                          ip").
    27                           ; 
    28                           ; Redistribution and use in source and binary forms, with or without modification, are
    29                           ; permitted provided that the following conditions are met:
    30                           ; 
    31                           ;     1. Redistributions of source code must retain the above copyright notice, this lis
      +                          t of
    32                           ;        conditions and the following disclaimer.
    33                           ; 
    34                           ;     2. Redistributions in binary form must reproduce the above copyright notice, this 
      +                          list
    35                           ;        of conditions and the following disclaimer in the documentation and/or other
    36                           ;        materials provided with the distribution. Publication is not required when
    37                           ;        this file is used in an embedded application.
    38                           ; 
    39                           ;     3. Microchip's name may not be used to endorse or promote products derived from th
      +                          is
    40                           ;        software without specific prior written permission.
    41                           ; 
    42                           ; THIS SOFTWARE IS PROVIDED BY MICROCHIP "AS IS" AND ANY EXPRESS OR IMPLIED WARRANTIES,
    43                           ; INCLUDING, BUT NOT LIMITED TO, THE IMPLIED WARRANTIES OF MERCHANTABILITY AND FITNESS F
      +                          OR
    44                           ; PURPOSE ARE DISCLAIMED.  IN NO EVENT SHALL MICROCHIP BE LIABLE FOR ANY DIRECT, INDIREC
      +                          T,
    45                           ; INCIDENTAL, SPECIAL, EXEMPLARY, OR CONSEQUENTIAL DAMAGES (INCLUDING BUT NOT LIMITED TO
    46                           ; PROCUREMENT OF SUBSTITUTE GOODS OR SERVICES; LOSS OF USE, DATA OR PROFITS; OR BUSINESS
    47                           ; INTERRUPTION) HOWSOEVER CAUSED AND ON ANY THEORY OF LIABILITY, WHETHER IN CONTRACT, ST
      +                          RICT
    48                           ; LIABILITY, OR TORT (INCLUDING NEGLIGENCE OR OTHERWISE) ARISING IN ANY WAY OUT OF THE U
      +                          SE OF
    49                           ; THIS SOFTWARE, EVEN IF ADVISED OF THE POSSIBILITY OF SUCH DAMAGE.
    50                           ; 
    51                           ; 
    52                           ; Code-generator required, PIC16F887 Definitions
    53                           ; 
    54                           ; SFR Addresses
    55     0000                     	;# 
    56     0001                     	;# 
    57     0002                     	;# 
    58     0003                     	;# 
    59     0004                     	;# 
    60     0005                     	;# 
    61     0006                     	;# 
    62     0007                     	;# 
    63     0008                     	;# 
    64     0009                     	;# 
    65     000A                     	;# 
    66     000B                     	;# 
    67     000C                     	;# 
    68     000D                     	;# 
    69     000E                     	;# 
    70     000E                     	;# 
    71     000F                     	;# 
    72     0010                     	;# 
    73     0011                     	;# 
    74     0012                     	;# 
    75     0013                     	;# 
    76     0014                     	;# 
    77     0015                     	;# 
    78     0015                     	;# 
    79     0016                     	;# 
    80     0017                     	;# 
    81     0018                     	;# 
    82     0019                     	;# 
    83     001A                     	;# 
    84     001B                     	;# 
    85     001B                     	;# 
    86     001C                     	;# 
    87     001D                     	;# 
    88     001E                     	;# 
    89     001F                     	;# 
    90     0081                     	;# 
    91     0085                     	;# 
    92     0086                     	;# 
    93     0087                     	;# 
    94     0088                     	;# 
    95     0089                     	;# 
    96     008C                     	;# 
    97     008D                     	;# 
    98     008E                     	;# 
    99     008F                     	;# 
   100     0090                     	;# 
   101     0091                     	;# 
   102     0092                     	;# 
   103     0093                     	;# 
   104     0093                     	;# 
   105     0093                     	;# 
   106     0094                     	;# 
   107     0095                     	;# 
   108     0096                     	;# 
   109     0097                     	;# 
   110     0098                     	;# 
   111     0099                     	;# 
   112     009A                     	;# 
   113     009B                     	;# 
   114     009C                     	;# 
   115     009D                     	;# 
   116     009E                     	;# 
   117     009F                     	;# 
   118     0105                     	;# 
   119     0107                     	;# 
   120     0108                     	;# 
   121     0109                     	;# 
   122     010C                     	;# 
   123     010C                     	;# 
   124     010D                     	;# 
   125     010E                     	;# 
   126     010F                     	;# 
   127     0185                     	;# 
   128     0187                     	;# 
   129     0188                     	;# 
   130     0189                     	;# 
   131     018C                     	;# 
   132     018D                     	;# 
   133     0000                     	;# 
   134     0001                     	;# 
   135     0002                     	;# 
   136     0003                     	;# 
   137     0004                     	;# 
   138     0005                     	;# 
   139     0006                     	;# 
   140     0007                     	;# 
   141     0008                     	;# 
   142     0009                     	;# 
   143     000A                     	;# 
   144     000B                     	;# 
   145     000C                     	;# 
   146     000D                     	;# 
   147     000E                     	;# 
   148     000E                     	;# 
   149     000F                     	;# 
   150     0010                     	;# 
   151     0011                     	;# 
   152     0012                     	;# 
   153     0013                     	;# 
   154     0014                     	;# 
   155     0015                     	;# 
   156     0015                     	;# 
   157     0016                     	;# 
   158     0017                     	;# 
   159     0018                     	;# 
   160     0019                     	;# 
   161     001A                     	;# 
   162     001B                     	;# 
   163     001B                     	;# 
   164     001C                     	;# 
   165     001D                     	;# 
   166     001E                     	;# 
   167     001F                     	;# 
   168     0081                     	;# 
   169     0085                     	;# 
   170     0086                     	;# 
   171     0087                     	;# 
   172     0088                     	;# 
   173     0089                     	;# 
   174     008C                     	;# 
   175     008D                     	;# 
   176     008E                     	;# 
   177     008F                     	;# 
   178     0090                     	;# 
   179     0091                     	;# 
   180     0092                     	;# 
   181     0093                     	;# 
   182     0093                     	;# 
   183     0093                     	;# 
   184     0094                     	;# 
   185     0095                     	;# 
   186     0096                     	;# 
   187     0097                     	;# 
   188     0098                     	;# 
   189     0099                     	;# 
   190     009A                     	;# 
   191     009B                     	;# 
   192     009C                     	;# 
   193     009D                     	;# 
   194     009E                     	;# 
   195     009F                     	;# 
   196     0105                     	;# 
   197     0107                     	;# 
   198     0108                     	;# 
   199     0109                     	;# 
   200     010C                     	;# 
   201     010C                     	;# 
   202     010D                     	;# 
   203     010E                     	;# 
   204     010F                     	;# 
   205     0185                     	;# 
   206     0187                     	;# 
   207     0188                     	;# 
   208     0189                     	;# 
   209     018C                     	;# 
   210     018D                     	;# 
   211     0000                     	;# 
   212     0001                     	;# 
   213     0002                     	;# 
   214     0003                     	;# 
   215     0004                     	;# 
   216     0005                     	;# 
   217     0006                     	;# 
   218     0007                     	;# 
   219     0008                     	;# 
   220     0009                     	;# 
   221     000A                     	;# 
   222     000B                     	;# 
   223     000C                     	;# 
   224     000D                     	;# 
   225     000E                     	;# 
   226     000E                     	;# 
   227     000F                     	;# 
   228     0010                     	;# 
   229     0011                     	;# 
   230     0012                     	;# 
   231     0013                     	;# 
   232     0014                     	;# 
   233     0015                     	;# 
   234     0015                     	;# 
   235     0016                     	;# 
   236     0017                     	;# 
   237     0018                     	;# 
   238     0019                     	;# 
   239     001A                     	;# 
   240     001B                     	;# 
   241     001B                     	;# 
   242     001C                     	;# 
   243     001D                     	;# 
   244     001E                     	;# 
   245     001F                     	;# 
   246     0081                     	;# 
   247     0085                     	;# 
   248     0086                     	;# 
   249     0087                     	;# 
   250     0088                     	;# 
   251     0089                     	;# 
   252     008C                     	;# 
   253     008D                     	;# 
   254     008E                     	;# 
   255     008F                     	;# 
   256     0090                     	;# 
   257     0091                     	;# 
   258     0092                     	;# 
   259     0093                     	;# 
   260     0093                     	;# 
   261     0093                     	;# 
   262     0094                     	;# 
   263     0095                     	;# 
   264     0096                     	;# 
   265     0097                     	;# 
   266     0098                     	;# 
   267     0099                     	;# 
   268     009A                     	;# 
   269     009B                     	;# 
   270     009C                     	;# 
   271     009D                     	;# 
   272     009E                     	;# 
   273     009F                     	;# 
   274     0105                     	;# 
   275     0107                     	;# 
   276     0108                     	;# 
   277     0109                     	;# 
   278     010C                     	;# 
   279     010C                     	;# 
   280     010D                     	;# 
   281     010E                     	;# 
   282     010F                     	;# 
   283     0185                     	;# 
   284     0187                     	;# 
   285     0188                     	;# 
   286     0189                     	;# 
   287     018C                     	;# 
   288     018D                     	;# 
   289     0000                     	;# 
   290     0001                     	;# 
   291     0002                     	;# 
   292     0003                     	;# 
   293     0004                     	;# 
   294     0005                     	;# 
   295     0006                     	;# 
   296     0007                     	;# 
   297     0008                     	;# 
   298     0009                     	;# 
   299     000A                     	;# 
   300     000B                     	;# 
   301     000C                     	;# 
   302     000D                     	;# 
   303     000E                     	;# 
   304     000E                     	;# 
   305     000F                     	;# 
   306     0010                     	;# 
   307     0011                     	;# 
   308     0012                     	;# 
   309     0013                     	;# 
   310     0014                     	;# 
   311     0015                     	;# 
   312     0015                     	;# 
   313     0016                     	;# 
   314     0017                     	;# 
   315     0018                     	;# 
   316     0019                     	;# 
   317     001A                     	;# 
   318     001B                     	;# 
   319     001B                     	;# 
   320     001C                     	;# 
   321     001D                     	;# 
   322     001E                     	;# 
   323     001F                     	;# 
   324     0081                     	;# 
   325     0085                     	;# 
   326     0086                     	;# 
   327     0087                     	;# 
   328     0088                     	;# 
   329     0089                     	;# 
   330     008C                     	;# 
   331     008D                     	;# 
   332     008E                     	;# 
   333     008F                     	;# 
   334     0090                     	;# 
   335     0091                     	;# 
   336     0092                     	;# 
   337     0093                     	;# 
   338     0093                     	;# 
   339     0093                     	;# 
   340     0094                     	;# 
   341     0095                     	;# 
   342     0096                     	;# 
   343     0097                     	;# 
   344     0098                     	;# 
   345     0099                     	;# 
   346     009A                     	;# 
   347     009B                     	;# 
   348     009C                     	;# 
   349     009D                     	;# 
   350     009E                     	;# 
   351     009F                     	;# 
   352     0105                     	;# 
   353     0107                     	;# 
   354     0108                     	;# 
   355     0109                     	;# 
   356     010C                     	;# 
   357     010C                     	;# 
   358     010D                     	;# 
   359     010E                     	;# 
   360     010F                     	;# 
   361     0185                     	;# 
   362     0187                     	;# 
   363     0188                     	;# 
   364     0189                     	;# 
   365     018C                     	;# 
   366     018D                     	;# 
   367     001F                     _ADCON0	set	31
   368     001E                     _ADRESH	set	30
   369     001F                     _ADCON0bits	set	31
   370     0013                     _SSPBUF	set	19
   371     0014                     _SSPCON	set	20
   372     0008                     _PORTD	set	8
   373     0006                     _PORTB	set	6
   374     0063                     _SSPIF	set	99
   375     005E                     _PEIE	set	94
   376     005F                     _GIE	set	95
   377     009F                     _ADCON1bits	set	159
   378     0091                     _SSPCON2bits	set	145
   379     0087                     _TRISCbits	set	135
   380     0094                     _SSPSTAT	set	148
   381     0093                     _SSPADD	set	147
   382     0091                     _SSPCON2	set	145
   383     008F                     _OSCCONbits	set	143
   384     0088                     _TRISD	set	136
   385     0086                     _TRISB	set	134
   386     0463                     _SSPIE	set	1123
   387     043C                     _TRISC4	set	1084
   388     043B                     _TRISC3	set	1083
   389     0189                     _ANSELH	set	393
   390     0188                     _ANSEL	set	392
   391                           
   392                           	psect	cinit
   393     07FC                     start_initialization:	
   394                           ; #config settings
   395                           
   396     07FC                     __initialization:
   397     07FC                     end_of_initialization:	
   398                           ;End of C runtime variable initialization code
   399                           
   400     07FC                     __end_of__initialization:
   401     07FC  0183               	clrf	3
   402     07FD  120A  118A  2F95   	ljmp	_main	;jump to C main() function
   403                           
   404                           	psect	cstackCOMMON
   405     0070                     __pcstackCOMMON:
   406     0070                     ?_setup:
   407     0070                     ?_I2C_Master_Start:	
   408                           ; 1 bytes @ 0x0
   409                           
   410     0070                     ??_I2C_Master_Start:	
   411                           ; 1 bytes @ 0x0
   412                           
   413     0070                     ?_I2C_Master_Write:	
   414                           ; 1 bytes @ 0x0
   415                           
   416     0070                     ?_I2C_Master_Stop:	
   417                           ; 1 bytes @ 0x0
   418                           
   419     0070                     ??_I2C_Master_Stop:	
   420                           ; 1 bytes @ 0x0
   421                           
   422     0070                     ?_main:	
   423                           ; 1 bytes @ 0x0
   424                           
   425     0070                     ?_I2C_Master_Wait:	
   426                           ; 1 bytes @ 0x0
   427                           
   428     0070                     ??_I2C_Master_Wait:	
   429                           ; 1 bytes @ 0x0
   430                           
   431     0070                     ?_I2C_Master_Read:	
   432                           ; 1 bytes @ 0x0
   433                           
   434     0070                     ?___lldiv:	
   435                           ; 2 bytes @ 0x0
   436                           
   437     0070                     I2C_Master_Write@d:	
   438                           ; 4 bytes @ 0x0
   439                           
   440     0070                     I2C_Master_Read@a:	
   441                           ; 2 bytes @ 0x0
   442                           
   443     0070                     ___lldiv@divisor:	
   444                           ; 2 bytes @ 0x0
   445                           
   446                           
   447                           ; 4 bytes @ 0x0
   448     0070                     	ds	2
   449     0072                     ??_I2C_Master_Write:
   450     0072                     ??_I2C_Master_Read:	
   451                           ; 1 bytes @ 0x2
   452                           
   453                           
   454                           ; 1 bytes @ 0x2
   455     0072                     	ds	2
   456     0074                     I2C_Master_Read@temp:
   457     0074                     ___lldiv@dividend:	
   458                           ; 2 bytes @ 0x4
   459                           
   460                           
   461                           ; 4 bytes @ 0x4
   462     0074                     	ds	4
   463     0078                     ??___lldiv:
   464                           
   465                           ; 1 bytes @ 0x8
   466     0078                     	ds	1
   467     0079                     ___lldiv@quotient:
   468                           
   469                           ; 4 bytes @ 0x9
   470     0079                     	ds	4
   471     007D                     ___lldiv@counter:
   472                           
   473                           ; 1 bytes @ 0xD
   474     007D                     	ds	1
   475     007E                     ??_setup:
   476                           
   477                           	psect	cstackBANK0
   478     0020                     __pcstackBANK0:	
   479                           ; 1 bytes @ 0xE
   480                           
   481     0020                     ?_I2C_Master_Init:
   482     0020                     I2C_Master_Init@c:	
   483                           ; 1 bytes @ 0x0
   484                           
   485                           
   486                           ; 4 bytes @ 0x0
   487     0020                     	ds	4
   488     0024                     ??_I2C_Master_Init:
   489                           
   490                           ; 1 bytes @ 0x4
   491     0024                     	ds	4
   492     0028                     ??_main:
   493                           
   494                           ; 1 bytes @ 0x8
   495     0028                     	ds	3
   496                           
   497                           	psect	maintext
   498     0795                     __pmaintext:	
   499 ;;
   500 ;;Main: autosize = 0, tempsize = 3, incstack = 0, save=0
   501 ;;
   502 ;; *************** function _main *****************
   503 ;; Defined at:
   504 ;;		line 51 in file "main.c"
   505 ;; Parameters:    Size  Location     Type
   506 ;;		None
   507 ;; Auto vars:     Size  Location     Type
   508 ;;		None
   509 ;; Return value:  Size  Location     Type
   510 ;;                  1    wreg      void 
   511 ;; Registers used:
   512 ;;		wreg, status,2, status,0, pclath, cstack
   513 ;; Tracked objects:
   514 ;;		On entry : B00/0
   515 ;;		On exit  : 0/0
   516 ;;		Unchanged: 0/0
   517 ;; Data sizes:     COMMON   BANK0   BANK1   BANK3   BANK2
   518 ;;      Params:         0       0       0       0       0
   519 ;;      Locals:         0       0       0       0       0
   520 ;;      Temps:          0       3       0       0       0
   521 ;;      Totals:         0       3       0       0       0
   522 ;;Total ram usage:        3 bytes
   523 ;; Hardware stack levels required when called: 3
   524 ;; This function calls:
   525 ;;		_I2C_Master_Read
   526 ;;		_I2C_Master_Start
   527 ;;		_I2C_Master_Stop
   528 ;;		_I2C_Master_Write
   529 ;;		_setup
   530 ;; This function is called by:
   531 ;;		Startup code after reset
   532 ;; This function uses a non-reentrant model
   533 ;;
   534                           
   535     0795                     _main:	
   536                           ;psect for function _main
   537                           
   538     0795                     l903:	
   539                           ;incstack = 0
   540                           ; Regs used in _main: [wreg+status,2+status,0+pclath+cstack]
   541                           
   542                           
   543                           ;main.c: 52:     setup();
   544     0795  120A  118A  26AA  120A  118A  	fcall	_setup
   545     079A                     l33:	
   546                           ;main.c: 53:     while(1){
   547                           
   548                           
   549                           ;main.c: 54:         I2C_Master_Start();
   550     079A  120A  118A  2681  120A  118A  	fcall	_I2C_Master_Start
   551                           
   552                           ;main.c: 55:         I2C_Master_Write(0x50);
   553     079F  3050               	movlw	80
   554     07A0  00F0               	movwf	I2C_Master_Write@d
   555     07A1  3000               	movlw	0
   556     07A2  00F1               	movwf	I2C_Master_Write@d+1
   557     07A3  120A  118A  2693  120A  118A  	fcall	_I2C_Master_Write
   558                           
   559                           ;main.c: 56:         I2C_Master_Write(PORTB);
   560     07A8  1283               	bcf	3,5	;RP0=0, select bank0
   561     07A9  1303               	bcf	3,6	;RP1=0, select bank0
   562     07AA  0806               	movf	6,w	;volatile
   563     07AB  00A8               	movwf	??_main
   564     07AC  01A9               	clrf	??_main+1
   565     07AD  0828               	movf	??_main,w
   566     07AE  00F0               	movwf	I2C_Master_Write@d
   567     07AF  0829               	movf	??_main+1,w
   568     07B0  00F1               	movwf	I2C_Master_Write@d+1
   569     07B1  120A  118A  2693  120A  118A  	fcall	_I2C_Master_Write
   570                           
   571                           ;main.c: 57:         I2C_Master_Stop();
   572     07B6  120A  118A  268A  120A  118A  	fcall	_I2C_Master_Stop
   573     07BB                     l905:
   574                           
   575                           ;main.c: 58:         _delay((unsigned long)((200)*(8000000/4000.0)));
   576     07BB  3003               	movlw	3
   577     07BC  1283               	bcf	3,5	;RP0=0, select bank0
   578     07BD  1303               	bcf	3,6	;RP1=0, select bank0
   579     07BE  00AA               	movwf	??_main+2
   580     07BF  3008               	movlw	8
   581     07C0  00A9               	movwf	??_main+1
   582     07C1  3076               	movlw	118
   583     07C2  00A8               	movwf	??_main
   584     07C3                     u227:
   585     07C3  0BA8               	decfsz	??_main,f
   586     07C4  2FC3               	goto	u227
   587     07C5  0BA9               	decfsz	??_main+1,f
   588     07C6  2FC3               	goto	u227
   589     07C7  0BAA               	decfsz	??_main+2,f
   590     07C8  2FC3               	goto	u227
   591     07C9  0000               	nop
   592     07CA                     l907:
   593                           
   594                           ;main.c: 60:         I2C_Master_Start();
   595     07CA  120A  118A  2681  120A  118A  	fcall	_I2C_Master_Start
   596     07CF                     l909:
   597                           
   598                           ;main.c: 61:         I2C_Master_Write(0x51);
   599     07CF  3051               	movlw	81
   600     07D0  00F0               	movwf	I2C_Master_Write@d
   601     07D1  3000               	movlw	0
   602     07D2  00F1               	movwf	I2C_Master_Write@d+1
   603     07D3  120A  118A  2693  120A  118A  	fcall	_I2C_Master_Write
   604     07D8                     l911:
   605                           
   606                           ;main.c: 62:         PORTD = I2C_Master_Read(0);
   607     07D8  3000               	movlw	0
   608     07D9  00F0               	movwf	I2C_Master_Read@a
   609     07DA  00F1               	movwf	I2C_Master_Read@a+1
   610     07DB  120A  118A  26C9  120A  118A  	fcall	_I2C_Master_Read
   611     07E0  0870               	movf	?_I2C_Master_Read,w
   612     07E1  1283               	bcf	3,5	;RP0=0, select bank0
   613     07E2  1303               	bcf	3,6	;RP1=0, select bank0
   614     07E3  0088               	movwf	8	;volatile
   615     07E4                     l913:
   616                           
   617                           ;main.c: 63:         I2C_Master_Stop();
   618     07E4  120A  118A  268A  120A  118A  	fcall	_I2C_Master_Stop
   619     07E9                     l915:
   620                           
   621                           ;main.c: 64:         _delay((unsigned long)((200)*(8000000/4000.0)));
   622     07E9  3003               	movlw	3
   623     07EA  1283               	bcf	3,5	;RP0=0, select bank0
   624     07EB  1303               	bcf	3,6	;RP1=0, select bank0
   625     07EC  00AA               	movwf	??_main+2
   626     07ED  3008               	movlw	8
   627     07EE  00A9               	movwf	??_main+1
   628     07EF  3076               	movlw	118
   629     07F0  00A8               	movwf	??_main
   630     07F1                     u237:
   631     07F1  0BA8               	decfsz	??_main,f
   632     07F2  2FF1               	goto	u237
   633     07F3  0BA9               	decfsz	??_main+1,f
   634     07F4  2FF1               	goto	u237
   635     07F5  0BAA               	decfsz	??_main+2,f
   636     07F6  2FF1               	goto	u237
   637     07F7  0000               	nop
   638     07F8  2F9A               	goto	l33
   639     07F9  120A  118A  2800   	ljmp	start
   640     07FC                     __end_of_main:
   641                           
   642                           	psect	text1
   643     06AA                     __ptext1:	
   644 ;; *************** function _setup *****************
   645 ;; Defined at:
   646 ;;		line 71 in file "main.c"
   647 ;; Parameters:    Size  Location     Type
   648 ;;		None
   649 ;; Auto vars:     Size  Location     Type
   650 ;;		None
   651 ;; Return value:  Size  Location     Type
   652 ;;                  1    wreg      void 
   653 ;; Registers used:
   654 ;;		wreg, status,2, status,0, pclath, cstack
   655 ;; Tracked objects:
   656 ;;		On entry : 0/0
   657 ;;		On exit  : 0/0
   658 ;;		Unchanged: 0/0
   659 ;; Data sizes:     COMMON   BANK0   BANK1   BANK3   BANK2
   660 ;;      Params:         0       0       0       0       0
   661 ;;      Locals:         0       0       0       0       0
   662 ;;      Temps:          0       0       0       0       0
   663 ;;      Totals:         0       0       0       0       0
   664 ;;Total ram usage:        0 bytes
   665 ;; Hardware stack levels used: 1
   666 ;; Hardware stack levels required when called: 2
   667 ;; This function calls:
   668 ;;		_I2C_Master_Init
   669 ;; This function is called by:
   670 ;;		_main
   671 ;; This function uses a non-reentrant model
   672 ;;
   673                           
   674     06AA                     _setup:	
   675                           ;psect for function _setup
   676                           
   677     06AA                     l875:	
   678                           ;incstack = 0
   679                           ; Regs used in _setup: [wreg+status,2+status,0+pclath+cstack]
   680                           
   681                           
   682                           ;main.c: 72:     ANSEL = 0;
   683     06AA  1683               	bsf	3,5	;RP0=1, select bank3
   684     06AB  1703               	bsf	3,6	;RP1=1, select bank3
   685     06AC  0188               	clrf	8	;volatile
   686                           
   687                           ;main.c: 73:     ANSELH = 0;
   688     06AD  0189               	clrf	9	;volatile
   689                           
   690                           ;main.c: 74:     TRISB = 0;
   691     06AE  1683               	bsf	3,5	;RP0=1, select bank1
   692     06AF  1303               	bcf	3,6	;RP1=0, select bank1
   693     06B0  0186               	clrf	6	;volatile
   694                           
   695                           ;main.c: 75:     TRISD = 0;
   696     06B1  0188               	clrf	8	;volatile
   697                           
   698                           ;main.c: 76:     PORTB = 0;
   699     06B2  1283               	bcf	3,5	;RP0=0, select bank0
   700     06B3  1303               	bcf	3,6	;RP1=0, select bank0
   701     06B4  0186               	clrf	6	;volatile
   702                           
   703                           ;main.c: 77:     PORTD = 0;
   704     06B5  0188               	clrf	8	;volatile
   705     06B6                     l877:
   706                           
   707                           ;main.c: 78:     I2C_Master_Init(100000);
   708     06B6  3000               	movlw	0
   709     06B7  00A3               	movwf	I2C_Master_Init@c+3
   710     06B8  3001               	movlw	1
   711     06B9  00A2               	movwf	I2C_Master_Init@c+2
   712     06BA  3086               	movlw	134
   713     06BB  00A1               	movwf	I2C_Master_Init@c+1
   714     06BC  30A0               	movlw	160
   715     06BD  00A0               	movwf	I2C_Master_Init@c
   716     06BE  120A  118A  26F7  120A  118A  	fcall	_I2C_Master_Init
   717     06C3                     l879:
   718                           
   719                           ;main.c: 79:     OSCCONbits.IRCF = 0b111;
   720     06C3  3070               	movlw	112
   721     06C4  1683               	bsf	3,5	;RP0=1, select bank1
   722     06C5  1303               	bcf	3,6	;RP1=0, select bank1
   723     06C6  048F               	iorwf	15,f	;volatile
   724     06C7                     l881:
   725                           
   726                           ;main.c: 80:     OSCCONbits.SCS = 1;
   727     06C7  140F               	bsf	15,0	;volatile
   728     06C8                     l39:
   729     06C8  0008               	return
   730     06C9                     __end_of_setup:
   731                           
   732                           	psect	text2
   733     06F7                     __ptext2:	
   734 ;; *************** function _I2C_Master_Init *****************
   735 ;; Defined at:
   736 ;;		line 16 in file "I2C.c"
   737 ;; Parameters:    Size  Location     Type
   738 ;;  c               4    0[BANK0 ] const unsigned long 
   739 ;; Auto vars:     Size  Location     Type
   740 ;;		None
   741 ;; Return value:  Size  Location     Type
   742 ;;                  1    wreg      void 
   743 ;; Registers used:
   744 ;;		wreg, status,2, status,0, pclath, cstack
   745 ;; Tracked objects:
   746 ;;		On entry : 0/0
   747 ;;		On exit  : 0/0
   748 ;;		Unchanged: 0/0
   749 ;; Data sizes:     COMMON   BANK0   BANK1   BANK3   BANK2
   750 ;;      Params:         0       4       0       0       0
   751 ;;      Locals:         0       0       0       0       0
   752 ;;      Temps:          0       4       0       0       0
   753 ;;      Totals:         0       8       0       0       0
   754 ;;Total ram usage:        8 bytes
   755 ;; Hardware stack levels used: 1
   756 ;; Hardware stack levels required when called: 1
   757 ;; This function calls:
   758 ;;		___lldiv
   759 ;; This function is called by:
   760 ;;		_setup
   761 ;; This function uses a non-reentrant model
   762 ;;
   763                           
   764     06F7                     _I2C_Master_Init:	
   765                           ;psect for function _I2C_Master_Init
   766                           
   767     06F7                     l863:	
   768                           ;incstack = 0
   769                           ; Regs used in _I2C_Master_Init: [wreg+status,2+status,0+pclath+cstack]
   770                           
   771                           
   772                           ;I2C.c: 16: void I2C_Master_Init(const unsigned long c);I2C.c: 17: {;I2C.c: 18:     SSPC
      +                          ON = 0b00101000;
   773     06F7  3028               	movlw	40
   774     06F8  1283               	bcf	3,5	;RP0=0, select bank0
   775     06F9  1303               	bcf	3,6	;RP1=0, select bank0
   776     06FA  0094               	movwf	20	;volatile
   777     06FB                     l865:
   778                           
   779                           ;I2C.c: 19:     SSPCON2 = 0;
   780     06FB  1683               	bsf	3,5	;RP0=1, select bank1
   781     06FC  1303               	bcf	3,6	;RP1=0, select bank1
   782     06FD  0191               	clrf	17	;volatile
   783     06FE                     l867:
   784                           
   785                           ;I2C.c: 20:     SSPADD = (8000000/(4*c))-1;
   786     06FE  1283               	bcf	3,5	;RP0=0, select bank0
   787     06FF  1303               	bcf	3,6	;RP1=0, select bank0
   788     0700  0820               	movf	I2C_Master_Init@c,w
   789     0701  00A4               	movwf	??_I2C_Master_Init
   790     0702  0821               	movf	I2C_Master_Init@c+1,w
   791     0703  00A5               	movwf	??_I2C_Master_Init+1
   792     0704  0822               	movf	I2C_Master_Init@c+2,w
   793     0705  00A6               	movwf	??_I2C_Master_Init+2
   794     0706  0823               	movf	I2C_Master_Init@c+3,w
   795     0707  00A7               	movwf	??_I2C_Master_Init+3
   796     0708  3002               	movlw	2
   797     0709                     u205:
   798     0709  1003               	clrc
   799     070A  0DA4               	rlf	??_I2C_Master_Init,f
   800     070B  0DA5               	rlf	??_I2C_Master_Init+1,f
   801     070C  0DA6               	rlf	??_I2C_Master_Init+2,f
   802     070D  0DA7               	rlf	??_I2C_Master_Init+3,f
   803     070E                     u200:
   804     070E  3EFF               	addlw	-1
   805     070F  1D03               	skipz
   806     0710  2F09               	goto	u205
   807     0711  0827               	movf	??_I2C_Master_Init+3,w
   808     0712  00F3               	movwf	___lldiv@divisor+3
   809     0713  0826               	movf	??_I2C_Master_Init+2,w
   810     0714  00F2               	movwf	___lldiv@divisor+2
   811     0715  0825               	movf	??_I2C_Master_Init+1,w
   812     0716  00F1               	movwf	___lldiv@divisor+1
   813     0717  0824               	movf	??_I2C_Master_Init,w
   814     0718  00F0               	movwf	___lldiv@divisor
   815     0719  3000               	movlw	0
   816     071A  00F7               	movwf	___lldiv@dividend+3
   817     071B  307A               	movlw	122
   818     071C  00F6               	movwf	___lldiv@dividend+2
   819     071D  3012               	movlw	18
   820     071E  00F5               	movwf	___lldiv@dividend+1
   821     071F  3000               	movlw	0
   822     0720  00F4               	movwf	___lldiv@dividend
   823     0721  120A  118A  272F  120A  118A  	fcall	___lldiv
   824     0726  0870               	movf	?___lldiv,w
   825     0727  3EFF               	addlw	255
   826     0728  1683               	bsf	3,5	;RP0=1, select bank1
   827     0729  1303               	bcf	3,6	;RP1=0, select bank1
   828     072A  0093               	movwf	19	;volatile
   829     072B                     l869:
   830                           
   831                           ;I2C.c: 21:     SSPSTAT = 0;
   832     072B  0194               	clrf	20	;volatile
   833     072C                     l871:
   834                           
   835                           ;I2C.c: 22:     TRISCbits.TRISC3 = 1;
   836     072C  1587               	bsf	7,3	;volatile
   837     072D                     l873:
   838                           
   839                           ;I2C.c: 23:     TRISCbits.TRISC4 = 1;
   840     072D  1607               	bsf	7,4	;volatile
   841     072E                     l68:
   842     072E  0008               	return
   843     072F                     __end_of_I2C_Master_Init:
   844                           
   845                           	psect	text3
   846     072F                     __ptext3:	
   847 ;; *************** function ___lldiv *****************
   848 ;; Defined at:
   849 ;;		line 5 in file "C:\Program Files\Microchip\xc8\v2.40\pic\sources\c90\common\__lldiv.c"
   850 ;; Parameters:    Size  Location     Type
   851 ;;  divisor         4    0[COMMON] unsigned long 
   852 ;;  dividend        4    4[COMMON] unsigned long 
   853 ;; Auto vars:     Size  Location     Type
   854 ;;  quotient        4    9[COMMON] unsigned long 
   855 ;;  counter         1   13[COMMON] unsigned char 
   856 ;; Return value:  Size  Location     Type
   857 ;;                  4    0[COMMON] unsigned long 
   858 ;; Registers used:
   859 ;;		wreg, status,2, status,0
   860 ;; Tracked objects:
   861 ;;		On entry : 0/0
   862 ;;		On exit  : 0/0
   863 ;;		Unchanged: 0/0
   864 ;; Data sizes:     COMMON   BANK0   BANK1   BANK3   BANK2
   865 ;;      Params:         8       0       0       0       0
   866 ;;      Locals:         5       0       0       0       0
   867 ;;      Temps:          1       0       0       0       0
   868 ;;      Totals:        14       0       0       0       0
   869 ;;Total ram usage:       14 bytes
   870 ;; Hardware stack levels used: 1
   871 ;; This function calls:
   872 ;;		Nothing
   873 ;; This function is called by:
   874 ;;		_I2C_Master_Init
   875 ;; This function uses a non-reentrant model
   876 ;;
   877                           
   878     072F                     ___lldiv:	
   879                           ;psect for function ___lldiv
   880                           
   881     072F                     l839:	
   882                           ;incstack = 0
   883                           ; Regs used in ___lldiv: [wreg+status,2+status,0]
   884                           
   885     072F  3000               	movlw	0
   886     0730  00FC               	movwf	___lldiv@quotient+3
   887     0731  3000               	movlw	0
   888     0732  00FB               	movwf	___lldiv@quotient+2
   889     0733  3000               	movlw	0
   890     0734  00FA               	movwf	___lldiv@quotient+1
   891     0735  3000               	movlw	0
   892     0736  00F9               	movwf	___lldiv@quotient
   893     0737  0873               	movf	___lldiv@divisor+3,w
   894     0738  0472               	iorwf	___lldiv@divisor+2,w
   895     0739  0471               	iorwf	___lldiv@divisor+1,w
   896     073A  0470               	iorwf	___lldiv@divisor,w
   897     073B  1903               	skipnz
   898     073C  2F3E               	goto	u131
   899     073D  2F3F               	goto	u130
   900     073E                     u131:
   901     073E  2F8C               	goto	l859
   902     073F                     u130:
   903     073F                     l841:
   904     073F  01FD               	clrf	___lldiv@counter
   905     0740  0AFD               	incf	___lldiv@counter,f
   906     0741  2F4F               	goto	l845
   907     0742                     l843:
   908     0742  3001               	movlw	1
   909     0743  00F8               	movwf	??___lldiv
   910     0744                     u145:
   911     0744  1003               	clrc
   912     0745  0DF0               	rlf	___lldiv@divisor,f
   913     0746  0DF1               	rlf	___lldiv@divisor+1,f
   914     0747  0DF2               	rlf	___lldiv@divisor+2,f
   915     0748  0DF3               	rlf	___lldiv@divisor+3,f
   916     0749  0BF8               	decfsz	??___lldiv,f
   917     074A  2F44               	goto	u145
   918     074B  3001               	movlw	1
   919     074C  00F8               	movwf	??___lldiv
   920     074D  0878               	movf	??___lldiv,w
   921     074E  07FD               	addwf	___lldiv@counter,f
   922     074F                     l845:
   923     074F  1FF3               	btfss	___lldiv@divisor+3,7
   924     0750  2F52               	goto	u151
   925     0751  2F53               	goto	u150
   926     0752                     u151:
   927     0752  2F42               	goto	l843
   928     0753                     u150:
   929     0753                     l847:
   930     0753  3001               	movlw	1
   931     0754  00F8               	movwf	??___lldiv
   932     0755                     u165:
   933     0755  1003               	clrc
   934     0756  0DF9               	rlf	___lldiv@quotient,f
   935     0757  0DFA               	rlf	___lldiv@quotient+1,f
   936     0758  0DFB               	rlf	___lldiv@quotient+2,f
   937     0759  0DFC               	rlf	___lldiv@quotient+3,f
   938     075A  0BF8               	decfsz	??___lldiv,f
   939     075B  2F55               	goto	u165
   940     075C                     l849:
   941     075C  0873               	movf	___lldiv@divisor+3,w
   942     075D  0277               	subwf	___lldiv@dividend+3,w
   943     075E  1D03               	skipz
   944     075F  2F6A               	goto	u175
   945     0760  0872               	movf	___lldiv@divisor+2,w
   946     0761  0276               	subwf	___lldiv@dividend+2,w
   947     0762  1D03               	skipz
   948     0763  2F6A               	goto	u175
   949     0764  0871               	movf	___lldiv@divisor+1,w
   950     0765  0275               	subwf	___lldiv@dividend+1,w
   951     0766  1D03               	skipz
   952     0767  2F6A               	goto	u175
   953     0768  0870               	movf	___lldiv@divisor,w
   954     0769  0274               	subwf	___lldiv@dividend,w
   955     076A                     u175:
   956     076A  1C03               	skipc
   957     076B  2F6D               	goto	u171
   958     076C  2F6E               	goto	u170
   959     076D                     u171:
   960     076D  2F7D               	goto	l855
   961     076E                     u170:
   962     076E                     l851:
   963     076E  0870               	movf	___lldiv@divisor,w
   964     076F  02F4               	subwf	___lldiv@dividend,f
   965     0770  0871               	movf	___lldiv@divisor+1,w
   966     0771  1C03               	skipc
   967     0772  0F71               	incfsz	___lldiv@divisor+1,w
   968     0773  02F5               	subwf	___lldiv@dividend+1,f
   969     0774  0872               	movf	___lldiv@divisor+2,w
   970     0775  1C03               	skipc
   971     0776  0F72               	incfsz	___lldiv@divisor+2,w
   972     0777  02F6               	subwf	___lldiv@dividend+2,f
   973     0778  0873               	movf	___lldiv@divisor+3,w
   974     0779  1C03               	skipc
   975     077A  0F73               	incfsz	___lldiv@divisor+3,w
   976     077B  02F7               	subwf	___lldiv@dividend+3,f
   977     077C                     l853:
   978     077C  1479               	bsf	___lldiv@quotient,0
   979     077D                     l855:
   980     077D  3001               	movlw	1
   981     077E                     u185:
   982     077E  1003               	clrc
   983     077F  0CF3               	rrf	___lldiv@divisor+3,f
   984     0780  0CF2               	rrf	___lldiv@divisor+2,f
   985     0781  0CF1               	rrf	___lldiv@divisor+1,f
   986     0782  0CF0               	rrf	___lldiv@divisor,f
   987     0783  3EFF               	addlw	-1
   988     0784  1D03               	skipz
   989     0785  2F7E               	goto	u185
   990     0786                     l857:
   991     0786  3001               	movlw	1
   992     0787  02FD               	subwf	___lldiv@counter,f
   993     0788  1D03               	btfss	3,2
   994     0789  2F8B               	goto	u191
   995     078A  2F8C               	goto	u190
   996     078B                     u191:
   997     078B  2F53               	goto	l847
   998     078C                     u190:
   999     078C                     l859:
  1000     078C  087C               	movf	___lldiv@quotient+3,w
  1001     078D  00F3               	movwf	?___lldiv+3
  1002     078E  087B               	movf	___lldiv@quotient+2,w
  1003     078F  00F2               	movwf	?___lldiv+2
  1004     0790  087A               	movf	___lldiv@quotient+1,w
  1005     0791  00F1               	movwf	?___lldiv+1
  1006     0792  0879               	movf	___lldiv@quotient,w
  1007     0793  00F0               	movwf	?___lldiv
  1008     0794                     l237:
  1009     0794  0008               	return
  1010     0795                     __end_of___lldiv:
  1011                           
  1012                           	psect	text4
  1013     0693                     __ptext4:	
  1014 ;; *************** function _I2C_Master_Write *****************
  1015 ;; Defined at:
  1016 ;;		line 65 in file "I2C.c"
  1017 ;; Parameters:    Size  Location     Type
  1018 ;;  d               2    0[COMMON] unsigned int 
  1019 ;; Auto vars:     Size  Location     Type
  1020 ;;		None
  1021 ;; Return value:  Size  Location     Type
  1022 ;;                  1    wreg      void 
  1023 ;; Registers used:
  1024 ;;		wreg, status,2, status,0, pclath, cstack
  1025 ;; Tracked objects:
  1026 ;;		On entry : 0/0
  1027 ;;		On exit  : 0/0
  1028 ;;		Unchanged: 0/0
  1029 ;; Data sizes:     COMMON   BANK0   BANK1   BANK3   BANK2
  1030 ;;      Params:         2       0       0       0       0
  1031 ;;      Locals:         0       0       0       0       0
  1032 ;;      Temps:          0       0       0       0       0
  1033 ;;      Totals:         2       0       0       0       0
  1034 ;;Total ram usage:        2 bytes
  1035 ;; Hardware stack levels used: 1
  1036 ;; Hardware stack levels required when called: 1
  1037 ;; This function calls:
  1038 ;;		_I2C_Master_Wait
  1039 ;; This function is called by:
  1040 ;;		_main
  1041 ;; This function uses a non-reentrant model
  1042 ;;
  1043                           
  1044     0693                     _I2C_Master_Write:	
  1045                           ;psect for function _I2C_Master_Write
  1046                           
  1047     0693                     l883:	
  1048                           ;incstack = 0
  1049                           ; Regs used in _I2C_Master_Write: [wreg+status,2+status,0+pclath+cstack]
  1050                           
  1051                           
  1052                           ;I2C.c: 65: void I2C_Master_Write(unsigned d);I2C.c: 66: {;I2C.c: 67:     I2C_Master_Wai
      +                          t();
  1053     0693  120A  118A  269D  120A  118A  	fcall	_I2C_Master_Wait
  1054     0698                     l885:
  1055                           
  1056                           ;I2C.c: 68:     SSPBUF = d;
  1057     0698  0870               	movf	I2C_Master_Write@d,w
  1058     0699  1283               	bcf	3,5	;RP0=0, select bank0
  1059     069A  1303               	bcf	3,6	;RP1=0, select bank0
  1060     069B  0093               	movwf	19	;volatile
  1061     069C                     l86:
  1062     069C  0008               	return
  1063     069D                     __end_of_I2C_Master_Write:
  1064                           
  1065                           	psect	text5
  1066     068A                     __ptext5:	
  1067 ;; *************** function _I2C_Master_Stop *****************
  1068 ;; Defined at:
  1069 ;;		line 55 in file "I2C.c"
  1070 ;; Parameters:    Size  Location     Type
  1071 ;;		None
  1072 ;; Auto vars:     Size  Location     Type
  1073 ;;		None
  1074 ;; Return value:  Size  Location     Type
  1075 ;;                  1    wreg      void 
  1076 ;; Registers used:
  1077 ;;		wreg, status,2, status,0, pclath, cstack
  1078 ;; Tracked objects:
  1079 ;;		On entry : 0/0
  1080 ;;		On exit  : 0/0
  1081 ;;		Unchanged: 0/0
  1082 ;; Data sizes:     COMMON   BANK0   BANK1   BANK3   BANK2
  1083 ;;      Params:         0       0       0       0       0
  1084 ;;      Locals:         0       0       0       0       0
  1085 ;;      Temps:          0       0       0       0       0
  1086 ;;      Totals:         0       0       0       0       0
  1087 ;;Total ram usage:        0 bytes
  1088 ;; Hardware stack levels used: 1
  1089 ;; Hardware stack levels required when called: 1
  1090 ;; This function calls:
  1091 ;;		_I2C_Master_Wait
  1092 ;; This function is called by:
  1093 ;;		_main
  1094 ;; This function uses a non-reentrant model
  1095 ;;
  1096                           
  1097     068A                     _I2C_Master_Stop:	
  1098                           ;psect for function _I2C_Master_Stop
  1099                           
  1100     068A                     l763:	
  1101                           ;incstack = 0
  1102                           ; Regs used in _I2C_Master_Stop: [wreg+status,2+status,0+pclath+cstack]
  1103                           
  1104                           
  1105                           ;I2C.c: 57:     I2C_Master_Wait();
  1106     068A  120A  118A  269D  120A  118A  	fcall	_I2C_Master_Wait
  1107     068F                     l765:
  1108                           
  1109                           ;I2C.c: 58:     SSPCON2bits.PEN = 1;
  1110     068F  1683               	bsf	3,5	;RP0=1, select bank1
  1111     0690  1303               	bcf	3,6	;RP1=0, select bank1
  1112     0691  1511               	bsf	17,2	;volatile
  1113     0692                     l83:
  1114     0692  0008               	return
  1115     0693                     __end_of_I2C_Master_Stop:
  1116                           
  1117                           	psect	text6
  1118     0681                     __ptext6:	
  1119 ;; *************** function _I2C_Master_Start *****************
  1120 ;; Defined at:
  1121 ;;		line 39 in file "I2C.c"
  1122 ;; Parameters:    Size  Location     Type
  1123 ;;		None
  1124 ;; Auto vars:     Size  Location     Type
  1125 ;;		None
  1126 ;; Return value:  Size  Location     Type
  1127 ;;                  1    wreg      void 
  1128 ;; Registers used:
  1129 ;;		wreg, status,2, status,0, pclath, cstack
  1130 ;; Tracked objects:
  1131 ;;		On entry : 0/0
  1132 ;;		On exit  : 0/0
  1133 ;;		Unchanged: 0/0
  1134 ;; Data sizes:     COMMON   BANK0   BANK1   BANK3   BANK2
  1135 ;;      Params:         0       0       0       0       0
  1136 ;;      Locals:         0       0       0       0       0
  1137 ;;      Temps:          0       0       0       0       0
  1138 ;;      Totals:         0       0       0       0       0
  1139 ;;Total ram usage:        0 bytes
  1140 ;; Hardware stack levels used: 1
  1141 ;; Hardware stack levels required when called: 1
  1142 ;; This function calls:
  1143 ;;		_I2C_Master_Wait
  1144 ;; This function is called by:
  1145 ;;		_main
  1146 ;; This function uses a non-reentrant model
  1147 ;;
  1148                           
  1149     0681                     _I2C_Master_Start:	
  1150                           ;psect for function _I2C_Master_Start
  1151                           
  1152     0681                     l755:	
  1153                           ;incstack = 0
  1154                           ; Regs used in _I2C_Master_Start: [wreg+status,2+status,0+pclath+cstack]
  1155                           
  1156                           
  1157                           ;I2C.c: 41:     I2C_Master_Wait();
  1158     0681  120A  118A  269D  120A  118A  	fcall	_I2C_Master_Wait
  1159     0686                     l757:
  1160                           
  1161                           ;I2C.c: 42:     SSPCON2bits.SEN = 1;
  1162     0686  1683               	bsf	3,5	;RP0=1, select bank1
  1163     0687  1303               	bcf	3,6	;RP1=0, select bank1
  1164     0688  1411               	bsf	17,0	;volatile
  1165     0689                     l77:
  1166     0689  0008               	return
  1167     068A                     __end_of_I2C_Master_Start:
  1168                           
  1169                           	psect	text7
  1170     06C9                     __ptext7:	
  1171 ;; *************** function _I2C_Master_Read *****************
  1172 ;; Defined at:
  1173 ;;		line 74 in file "I2C.c"
  1174 ;; Parameters:    Size  Location     Type
  1175 ;;  a               2    0[COMMON] unsigned short 
  1176 ;; Auto vars:     Size  Location     Type
  1177 ;;  temp            2    4[COMMON] unsigned short 
  1178 ;; Return value:  Size  Location     Type
  1179 ;;                  2    0[COMMON] unsigned short 
  1180 ;; Registers used:
  1181 ;;		wreg, status,2, status,0, pclath, cstack
  1182 ;; Tracked objects:
  1183 ;;		On entry : 0/0
  1184 ;;		On exit  : 0/0
  1185 ;;		Unchanged: 0/0
  1186 ;; Data sizes:     COMMON   BANK0   BANK1   BANK3   BANK2
  1187 ;;      Params:         2       0       0       0       0
  1188 ;;      Locals:         2       0       0       0       0
  1189 ;;      Temps:          2       0       0       0       0
  1190 ;;      Totals:         6       0       0       0       0
  1191 ;;Total ram usage:        6 bytes
  1192 ;; Hardware stack levels used: 1
  1193 ;; Hardware stack levels required when called: 1
  1194 ;; This function calls:
  1195 ;;		_I2C_Master_Wait
  1196 ;; This function is called by:
  1197 ;;		_main
  1198 ;; This function uses a non-reentrant model
  1199 ;;
  1200                           
  1201     06C9                     _I2C_Master_Read:	
  1202                           ;psect for function _I2C_Master_Read
  1203                           
  1204     06C9                     l887:	
  1205                           ;incstack = 0
  1206                           ; Regs used in _I2C_Master_Read: [wreg+status,2+status,0+pclath+cstack]
  1207                           
  1208                           
  1209                           ;I2C.c: 74: unsigned short I2C_Master_Read(unsigned short a);I2C.c: 75: {;I2C.c: 76:    
      +                           unsigned short temp;;I2C.c: 77:     I2C_Master_Wait();
  1210     06C9  120A  118A  269D  120A  118A  	fcall	_I2C_Master_Wait
  1211     06CE                     l889:
  1212                           
  1213                           ;I2C.c: 78:     SSPCON2bits.RCEN = 1;
  1214     06CE  1683               	bsf	3,5	;RP0=1, select bank1
  1215     06CF  1303               	bcf	3,6	;RP1=0, select bank1
  1216     06D0  1591               	bsf	17,3	;volatile
  1217                           
  1218                           ;I2C.c: 79:     I2C_Master_Wait();
  1219     06D1  120A  118A  269D  120A  118A  	fcall	_I2C_Master_Wait
  1220     06D6                     l891:
  1221                           
  1222                           ;I2C.c: 80:     temp = SSPBUF;
  1223     06D6  1283               	bcf	3,5	;RP0=0, select bank0
  1224     06D7  1303               	bcf	3,6	;RP1=0, select bank0
  1225     06D8  0813               	movf	19,w	;volatile
  1226     06D9  00F2               	movwf	??_I2C_Master_Read
  1227     06DA  01F3               	clrf	??_I2C_Master_Read+1
  1228     06DB  0872               	movf	??_I2C_Master_Read,w
  1229     06DC  00F4               	movwf	I2C_Master_Read@temp
  1230     06DD  0873               	movf	??_I2C_Master_Read+1,w
  1231     06DE  00F5               	movwf	I2C_Master_Read@temp+1
  1232     06DF                     l893:
  1233                           
  1234                           ;I2C.c: 81:     I2C_Master_Wait();
  1235     06DF  120A  118A  269D  120A  118A  	fcall	_I2C_Master_Wait
  1236     06E4                     l895:
  1237                           
  1238                           ;I2C.c: 82:     if(a == 1){
  1239     06E4  0370               	decf	I2C_Master_Read@a,w
  1240     06E5  0471               	iorwf	I2C_Master_Read@a+1,w
  1241     06E6  1D03               	btfss	3,2
  1242     06E7  2EE9               	goto	u211
  1243     06E8  2EEA               	goto	u210
  1244     06E9                     u211:
  1245     06E9  2EEE               	goto	l89
  1246     06EA                     u210:
  1247     06EA                     l897:
  1248                           
  1249                           ;I2C.c: 83:         SSPCON2bits.ACKDT = 0;
  1250     06EA  1683               	bsf	3,5	;RP0=1, select bank1
  1251     06EB  1303               	bcf	3,6	;RP1=0, select bank1
  1252     06EC  1291               	bcf	17,5	;volatile
  1253                           
  1254                           ;I2C.c: 84:     }else{
  1255     06ED  2EF1               	goto	l90
  1256     06EE                     l89:
  1257                           
  1258                           ;I2C.c: 85:         SSPCON2bits.ACKDT = 1;
  1259     06EE  1683               	bsf	3,5	;RP0=1, select bank1
  1260     06EF  1303               	bcf	3,6	;RP1=0, select bank1
  1261     06F0  1691               	bsf	17,5	;volatile
  1262     06F1                     l90:	
  1263                           ;I2C.c: 86:     }
  1264                           
  1265                           
  1266                           ;I2C.c: 87:     SSPCON2bits.ACKEN = 1;
  1267     06F1  1611               	bsf	17,4	;volatile
  1268     06F2                     l899:
  1269                           
  1270                           ;I2C.c: 88:     return temp;
  1271     06F2  0875               	movf	I2C_Master_Read@temp+1,w
  1272     06F3  00F1               	movwf	?_I2C_Master_Read+1
  1273     06F4  0874               	movf	I2C_Master_Read@temp,w
  1274     06F5  00F0               	movwf	?_I2C_Master_Read
  1275     06F6                     l91:
  1276     06F6  0008               	return
  1277     06F7                     __end_of_I2C_Master_Read:
  1278                           
  1279                           	psect	text8
  1280     069D                     __ptext8:	
  1281 ;; *************** function _I2C_Master_Wait *****************
  1282 ;; Defined at:
  1283 ;;		line 32 in file "I2C.c"
  1284 ;; Parameters:    Size  Location     Type
  1285 ;;		None
  1286 ;; Auto vars:     Size  Location     Type
  1287 ;;		None
  1288 ;; Return value:  Size  Location     Type
  1289 ;;                  1    wreg      void 
  1290 ;; Registers used:
  1291 ;;		wreg, status,2
  1292 ;; Tracked objects:
  1293 ;;		On entry : 0/0
  1294 ;;		On exit  : 0/0
  1295 ;;		Unchanged: 0/0
  1296 ;; Data sizes:     COMMON   BANK0   BANK1   BANK3   BANK2
  1297 ;;      Params:         0       0       0       0       0
  1298 ;;      Locals:         0       0       0       0       0
  1299 ;;      Temps:          0       0       0       0       0
  1300 ;;      Totals:         0       0       0       0       0
  1301 ;;Total ram usage:        0 bytes
  1302 ;; Hardware stack levels used: 1
  1303 ;; This function calls:
  1304 ;;		Nothing
  1305 ;; This function is called by:
  1306 ;;		_I2C_Master_Start
  1307 ;;		_I2C_Master_Stop
  1308 ;;		_I2C_Master_Write
  1309 ;;		_I2C_Master_Read
  1310 ;;		_I2C_Master_RepeatedStart
  1311 ;; This function uses a non-reentrant model
  1312 ;;
  1313                           
  1314     069D                     _I2C_Master_Wait:	
  1315                           ;psect for function _I2C_Master_Wait
  1316                           
  1317     069D                     l743:	
  1318                           ;incstack = 0
  1319                           ; Regs used in _I2C_Master_Wait: [wreg+status,2]
  1320                           
  1321     069D                     l71:	
  1322                           ;I2C.c: 34:     while ((SSPSTAT & 0x04) || (SSPCON2 & 0x1F));
  1323                           
  1324     069D  1683               	bsf	3,5	;RP0=1, select bank1
  1325     069E  1303               	bcf	3,6	;RP1=0, select bank1
  1326     069F  1914               	btfsc	20,2	;volatile
  1327     06A0  2EA2               	goto	u91
  1328     06A1  2EA3               	goto	u90
  1329     06A2                     u91:
  1330     06A2  2E9D               	goto	l71
  1331     06A3                     u90:
  1332     06A3                     l745:
  1333     06A3  0811               	movf	17,w	;volatile
  1334     06A4  391F               	andlw	31
  1335     06A5  1D03               	btfss	3,2
  1336     06A6  2EA8               	goto	u101
  1337     06A7  2EA9               	goto	u100
  1338     06A8                     u101:
  1339     06A8  2E9D               	goto	l71
  1340     06A9                     u100:
  1341     06A9                     l74:
  1342     06A9  0008               	return
  1343     06AA                     __end_of_I2C_Master_Wait:
  1344     007E                     btemp	set	126	;btemp
  1345     007E                     wtemp0	set	126
  1346                           
  1347                           	psect	idloc
  1348                           
  1349                           ;Config register IDLOC0 @ 0x2000
  1350                           ;	unspecified, using default values
  1351     2000                     	org	8192
  1352     2000  3FFF               	dw	16383
  1353                           
  1354                           ;Config register IDLOC1 @ 0x2001
  1355                           ;	unspecified, using default values
  1356     2001                     	org	8193
  1357     2001  3FFF               	dw	16383
  1358                           
  1359                           ;Config register IDLOC2 @ 0x2002
  1360                           ;	unspecified, using default values
  1361     2002                     	org	8194
  1362     2002  3FFF               	dw	16383
  1363                           
  1364                           ;Config register IDLOC3 @ 0x2003
  1365                           ;	unspecified, using default values
  1366     2003                     	org	8195
  1367     2003  3FFF               	dw	16383
  1368                           
  1369                           	psect	config
  1370                           
  1371                           ;Config register CONFIG1 @ 0x2007
  1372                           ;	Oscillator Selection bits
  1373                           ;	FOSC = EXTRC_NOCLKOUT, RCIO oscillator: I/O function on RA6/OSC2/CLKOUT pin, RC on RA7
      +                          /OSC1/CLKIN
  1374                           ;	Watchdog Timer Enable bit
  1375                           ;	WDTE = OFF, WDT disabled and can be enabled by SWDTEN bit of the WDTCON register
  1376                           ;	Power-up Timer Enable bit
  1377                           ;	PWRTE = OFF, PWRT disabled
  1378                           ;	RE3/MCLR pin function select bit
  1379                           ;	MCLRE = OFF, RE3/MCLR pin function is digital input, MCLR internally tied to VDD
  1380                           ;	Code Protection bit
  1381                           ;	CP = OFF, Program memory code protection is disabled
  1382                           ;	Data Code Protection bit
  1383                           ;	CPD = OFF, Data memory code protection is disabled
  1384                           ;	Brown Out Reset Selection bits
  1385                           ;	BOREN = OFF, BOR disabled
  1386                           ;	Internal External Switchover bit
  1387                           ;	IESO = OFF, Internal/External Switchover mode is disabled
  1388                           ;	Fail-Safe Clock Monitor Enabled bit
  1389                           ;	FCMEN = OFF, Fail-Safe Clock Monitor is disabled
  1390                           ;	Low Voltage Programming Enable bit
  1391                           ;	LVP = OFF, RB3 pin has digital I/O, HV on MCLR must be used for programming
  1392                           ;	In-Circuit Debugger Mode bit
  1393                           ;	DEBUG = 0x1, unprogrammed default
  1394     2007                     	org	8199
  1395     2007  20D6               	dw	8406
  1396                           
  1397                           ;Config register CONFIG2 @ 0x2008
  1398                           ;	Brown-out Reset Selection bit
  1399                           ;	BOR4V = BOR40V, Brown-out Reset set to 4.0V
  1400                           ;	Flash Program Memory Self Write Enable bits
  1401                           ;	WRT = OFF, Write protection off
  1402     2008                     	org	8200
  1403     2008  3FFF               	dw	16383

Data Sizes:
    Strings     0
    Constant    0
    Data        0
    BSS         0
    Persistent  0
    Stack       0

Auto Spaces:
    Space          Size  Autos    Used
    COMMON           14     14      14
    BANK0            80     11      11
    BANK1            80      0       0
    BANK3            96      0       0
    BANK2            96      0       0

Pointer List with Targets:

    None.

Critical Paths under _main in COMMON

    _I2C_Master_Init->___lldiv

Critical Paths under _main in BANK0

    _setup->_I2C_Master_Init

Critical Paths under _main in BANK1

    None.

Critical Paths under _main in BANK3

    None.

Critical Paths under _main in BANK2

    None.

Call Graph Tables:

 ---------------------------------------------------------------------------------
 (Depth) Function   	        Calls       Base Space   Used Autos Params    Refs
 ---------------------------------------------------------------------------------
 (0) _main                                                 3     3      0     783
                                              8 BANK0      3     3      0
                    _I2C_Master_Read
                   _I2C_Master_Start
                    _I2C_Master_Stop
                   _I2C_Master_Write
                              _setup
 ---------------------------------------------------------------------------------
 (1) _setup                                                0     0      0     412
                    _I2C_Master_Init
 ---------------------------------------------------------------------------------
 (2) _I2C_Master_Init                                      8     4      4     412
                                              0 BANK0      8     4      4
                            ___lldiv
 ---------------------------------------------------------------------------------
 (3) ___lldiv                                             14     6      8     314
                                              0 COMMON    14     6      8
 ---------------------------------------------------------------------------------
 (1) _I2C_Master_Write                                     2     0      2     250
                                              0 COMMON     2     0      2
                    _I2C_Master_Wait
 ---------------------------------------------------------------------------------
 (1) _I2C_Master_Stop                                      0     0      0       0
                    _I2C_Master_Wait
 ---------------------------------------------------------------------------------
 (1) _I2C_Master_Start                                     0     0      0       0
                    _I2C_Master_Wait
 ---------------------------------------------------------------------------------
 (1) _I2C_Master_Read                                      6     4      2     121
                                              0 COMMON     6     4      2
                    _I2C_Master_Wait
 ---------------------------------------------------------------------------------
 (2) _I2C_Master_Wait                                      0     0      0       0
 ---------------------------------------------------------------------------------
 Estimated maximum stack depth 3
 ---------------------------------------------------------------------------------

 Call Graph Graphs:

 _main (ROOT)
   _I2C_Master_Read
     _I2C_Master_Wait
   _I2C_Master_Start
     _I2C_Master_Wait
   _I2C_Master_Stop
     _I2C_Master_Wait
   _I2C_Master_Write
     _I2C_Master_Wait
   _setup
     _I2C_Master_Init
       ___lldiv

 Address spaces:
Name               Size   Autos  Total    Cost      Usage
BITCOMMON            E      0       0       0        0.0%
EEDATA             100      0       0       0        0.0%
NULL                 0      0       0       0        0.0%
CODE                 0      0       0       0        0.0%
COMMON               E      E       E       1      100.0%
BITSFR0              0      0       0       1        0.0%
SFR0                 0      0       0       1        0.0%
BITSFR1              0      0       0       2        0.0%
SFR1                 0      0       0       2        0.0%
STACK                0      0       0       2        0.0%
ABS                  0      0       0       3        0.0%
BITBANK0            50      0       0       4        0.0%
BITSFR3              0      0       0       4        0.0%
SFR3                 0      0       0       4        0.0%
BANK0               50      B       B       5       13.8%
BITSFR2              0      0       0       5        0.0%
SFR2                 0      0       0       5        0.0%
BITBANK1            50      0       0       6        0.0%
BANK1               50      0       0       7        0.0%
BITBANK3            60      0       0       8        0.0%
BANK3               60      0       0       9        0.0%
BITBANK2            60      0       0      10        0.0%
BANK2               60      0       0      11        0.0%
DATA                 0      0       0      12        0.0%


Microchip Technology PIC Macro Assembler V2.40 build 20220703182018 
Symbol Table                                                                                   Thu Feb 09 23:48:03 2023

                      l33 079A                        l71 069D                        l39 06C8  
                      l74 06A9                        l90 06F1                        l91 06F6  
                      l83 0692                        l68 072E                        l77 0689  
                      l86 069C                        l89 06EE                        u90 06A3  
                      u91 06A2                       l237 0794                       l743 069D  
                     l911 07D8                       l903 0795                       l745 06A3  
                     l841 073F                       l913 07E4                       l905 07BB  
                     l755 0681                       l763 068A                       l851 076E  
                     l843 0742                       l915 07E9                       l907 07CA  
                     l757 0686                       l765 068F                       l853 077C  
                     l845 074F                       l909 07CF                       l855 077D  
                     l847 0753                       l839 072F                       l871 072C  
                     l863 06F7                       l857 0786                       l849 075C  
                     l873 072D                       l865 06FB                       l881 06C7  
                     l891 06D6                       l883 0693                       l859 078C  
                     l867 06FE                       l875 06AA                       l893 06DF  
                     l885 0698                       l869 072B                       l877 06B6  
                     l895 06E4                       l887 06C9                       l879 06C3  
                     l897 06EA                       l889 06CE                       l899 06F2  
                     _GIE 005F                       u100 06A9                       u101 06A8  
                     u200 070E                       u210 06EA                       u130 073F  
                     u211 06E9                       u131 073E                       u205 0709  
                     u150 0753                       u151 0752                       u145 0744  
                     u170 076E                       u171 076D                       u227 07C3  
                     u165 0755                       u237 07F1                       u190 078C  
                     u191 078B                       u175 076A                       u185 077E  
                    _PEIE 005E                      _main 0795                      btemp 007E  
                    start 0000          ?_I2C_Master_Init 0020          ?_I2C_Master_Read 0070  
        ?_I2C_Master_Wait 0070          ?_I2C_Master_Stop 0070                     ?_main 0070  
                   _ANSEL 0188           __end_of___lldiv 0795                     _PORTB 0006  
                   _PORTD 0008                     _TRISB 0086                     _TRISD 0088  
                   _SSPIE 0463                     _SSPIF 0063                     _setup 06AA  
                   status 0003                     wtemp0 007E           __initialization 07FC  
            __end_of_main 07FC                    ??_main 0028         ?_I2C_Master_Start 0070  
       ?_I2C_Master_Write 0070        ??_I2C_Master_Start 0070                    _ADCON0 001F  
      ??_I2C_Master_Write 0072                    _ADRESH 001E                    ?_setup 0070  
                  _ANSELH 0189                    _SSPADD 0093                    _TRISC3 043B  
                  _TRISC4 043C                    _SSPCON 0014                    _SSPBUF 0013  
               ??___lldiv 0078   __end_of__initialization 07FC            __pcstackCOMMON 0070  
           __end_of_setup 06C9                   ??_setup 007E                __pmaintext 0795  
                 _SSPCON2 0091                   _SSPSTAT 0094                   ___lldiv 072F  
                 __ptext1 06AA                   __ptext2 06F7                   __ptext3 072F  
                 __ptext4 0693                   __ptext5 068A                   __ptext6 0681  
                 __ptext7 06C9                   __ptext8 069D      end_of_initialization 07FC  
         ___lldiv@divisor 0070           ___lldiv@counter 007D          I2C_Master_Init@c 0020  
        I2C_Master_Read@a 0070                 _TRISCbits 0087       start_initialization 07FC  
       ??_I2C_Master_Init 0024         ??_I2C_Master_Read 0072         ??_I2C_Master_Wait 0070  
       ??_I2C_Master_Stop 0070                 ___latbits 0002             __pcstackBANK0 0020  
        _I2C_Master_Start 0681          _I2C_Master_Write 0693                  ?___lldiv 0070  
              _ADCON0bits 001F                _ADCON1bits 009F       I2C_Master_Read@temp 0074  
         _I2C_Master_Init 06F7           _I2C_Master_Read 06C9           _I2C_Master_Wait 069D  
         _I2C_Master_Stop 068A  __end_of_I2C_Master_Start 068A  __end_of_I2C_Master_Write 069D  
        ___lldiv@dividend 0074                _OSCCONbits 008F   __end_of_I2C_Master_Init 072F  
 __end_of_I2C_Master_Read 06F7   __end_of_I2C_Master_Wait 06AA   __end_of_I2C_Master_Stop 0693  
        ___lldiv@quotient 0079         I2C_Master_Write@d 0070               _SSPCON2bits 0091  
