

Microchip MPLAB XC8 Assembler V2.40 build 20220703182018 
                                                                                               Fri Feb 10 11:34:58 2023

Microchip MPLAB XC8 C Compiler v2.40 (Free license) build 20220703182018 Og1 
     1                           	processor	16F887
     2                           	pagewidth 120
     3                           	opt	flic
     4                           	psect	cinit,global,class=CODE,merge=1,delta=2
     5                           	psect	bssCOMMON,global,class=COMMON,space=1,delta=1,noexec
     6                           	psect	cstackCOMMON,global,class=COMMON,space=1,delta=1,noexec
     7                           	psect	maintext,global,class=CODE,split=1,delta=2
     8                           	psect	text1,local,class=CODE,merge=1,delta=2
     9                           	psect	text2,local,class=CODE,merge=1,delta=2
    10                           	psect	text3,local,class=CODE,merge=1,delta=2
    11                           	psect	text4,local,class=CODE,merge=1,delta=2
    12                           	psect	text5,local,class=CODE,merge=1,delta=2
    13                           	psect	intentry,global,class=CODE,delta=2
    14                           	psect	idloc,global,abs,ovrld,class=IDLOC,space=5,delta=2,noexec
    15                           	psect	config,global,abs,ovrld,class=CONFIG,space=4,delta=2,noexec
    16                           	dabs	1,0x7E,2
    17     0000                     
    18                           ; Version 2.40
    19                           ; Generated 04/07/2022 GMT
    20                           ; 
    21                           ; Copyright © 2022, Microchip Technology Inc. and its subsidiaries ("Microchip")
    22                           ; All rights reserved.
    23                           ; 
    24                           ; This software is developed by Microchip Technology Inc. and its subsidiaries ("Microch
      +                          ip").
    25                           ; 
    26                           ; Redistribution and use in source and binary forms, with or without modification, are
    27                           ; permitted provided that the following conditions are met:
    28                           ; 
    29                           ;     1. Redistributions of source code must retain the above copyright notice, this lis
      +                          t of
    30                           ;        conditions and the following disclaimer.
    31                           ; 
    32                           ;     2. Redistributions in binary form must reproduce the above copyright notice, this 
      +                          list
    33                           ;        of conditions and the following disclaimer in the documentation and/or other
    34                           ;        materials provided with the distribution. Publication is not required when
    35                           ;        this file is used in an embedded application.
    36                           ; 
    37                           ;     3. Microchip's name may not be used to endorse or promote products derived from th
      +                          is
    38                           ;        software without specific prior written permission.
    39                           ; 
    40                           ; THIS SOFTWARE IS PROVIDED BY MICROCHIP "AS IS" AND ANY EXPRESS OR IMPLIED WARRANTIES,
    41                           ; INCLUDING, BUT NOT LIMITED TO, THE IMPLIED WARRANTIES OF MERCHANTABILITY AND FITNESS F
      +                          OR
    42                           ; PURPOSE ARE DISCLAIMED.  IN NO EVENT SHALL MICROCHIP BE LIABLE FOR ANY DIRECT, INDIREC
      +                          T,
    43                           ; INCIDENTAL, SPECIAL, EXEMPLARY, OR CONSEQUENTIAL DAMAGES (INCLUDING BUT NOT LIMITED TO
    44                           ; PROCUREMENT OF SUBSTITUTE GOODS OR SERVICES; LOSS OF USE, DATA OR PROFITS; OR BUSINESS
    45                           ; INTERRUPTION) HOWSOEVER CAUSED AND ON ANY THEORY OF LIABILITY, WHETHER IN CONTRACT, ST
      +                          RICT
    46                           ; LIABILITY, OR TORT (INCLUDING NEGLIGENCE OR OTHERWISE) ARISING IN ANY WAY OUT OF THE U
      +                          SE OF
    47                           ; THIS SOFTWARE, EVEN IF ADVISED OF THE POSSIBILITY OF SUCH DAMAGE.
    48                           ; 
    49                           ; 
    50                           ; Code-generator required, PIC16F887 Definitions
    51                           ; 
    52                           ; SFR Addresses
    53     0000                     	;# 
    54     0001                     	;# 
    55     0002                     	;# 
    56     0003                     	;# 
    57     0004                     	;# 
    58     0005                     	;# 
    59     0006                     	;# 
    60     0007                     	;# 
    61     0008                     	;# 
    62     0009                     	;# 
    63     000A                     	;# 
    64     000B                     	;# 
    65     000C                     	;# 
    66     000D                     	;# 
    67     000E                     	;# 
    68     000E                     	;# 
    69     000F                     	;# 
    70     0010                     	;# 
    71     0011                     	;# 
    72     0012                     	;# 
    73     0013                     	;# 
    74     0014                     	;# 
    75     0015                     	;# 
    76     0015                     	;# 
    77     0016                     	;# 
    78     0017                     	;# 
    79     0018                     	;# 
    80     0019                     	;# 
    81     001A                     	;# 
    82     001B                     	;# 
    83     001B                     	;# 
    84     001C                     	;# 
    85     001D                     	;# 
    86     001E                     	;# 
    87     001F                     	;# 
    88     0081                     	;# 
    89     0085                     	;# 
    90     0086                     	;# 
    91     0087                     	;# 
    92     0088                     	;# 
    93     0089                     	;# 
    94     008C                     	;# 
    95     008D                     	;# 
    96     008E                     	;# 
    97     008F                     	;# 
    98     0090                     	;# 
    99     0091                     	;# 
   100     0092                     	;# 
   101     0093                     	;# 
   102     0093                     	;# 
   103     0093                     	;# 
   104     0094                     	;# 
   105     0095                     	;# 
   106     0096                     	;# 
   107     0097                     	;# 
   108     0098                     	;# 
   109     0099                     	;# 
   110     009A                     	;# 
   111     009B                     	;# 
   112     009C                     	;# 
   113     009D                     	;# 
   114     009E                     	;# 
   115     009F                     	;# 
   116     0105                     	;# 
   117     0107                     	;# 
   118     0108                     	;# 
   119     0109                     	;# 
   120     010C                     	;# 
   121     010C                     	;# 
   122     010D                     	;# 
   123     010E                     	;# 
   124     010F                     	;# 
   125     0185                     	;# 
   126     0187                     	;# 
   127     0188                     	;# 
   128     0189                     	;# 
   129     018C                     	;# 
   130     018D                     	;# 
   131     0000                     	;# 
   132     0001                     	;# 
   133     0002                     	;# 
   134     0003                     	;# 
   135     0004                     	;# 
   136     0005                     	;# 
   137     0006                     	;# 
   138     0007                     	;# 
   139     0008                     	;# 
   140     0009                     	;# 
   141     000A                     	;# 
   142     000B                     	;# 
   143     000C                     	;# 
   144     000D                     	;# 
   145     000E                     	;# 
   146     000E                     	;# 
   147     000F                     	;# 
   148     0010                     	;# 
   149     0011                     	;# 
   150     0012                     	;# 
   151     0013                     	;# 
   152     0014                     	;# 
   153     0015                     	;# 
   154     0015                     	;# 
   155     0016                     	;# 
   156     0017                     	;# 
   157     0018                     	;# 
   158     0019                     	;# 
   159     001A                     	;# 
   160     001B                     	;# 
   161     001B                     	;# 
   162     001C                     	;# 
   163     001D                     	;# 
   164     001E                     	;# 
   165     001F                     	;# 
   166     0081                     	;# 
   167     0085                     	;# 
   168     0086                     	;# 
   169     0087                     	;# 
   170     0088                     	;# 
   171     0089                     	;# 
   172     008C                     	;# 
   173     008D                     	;# 
   174     008E                     	;# 
   175     008F                     	;# 
   176     0090                     	;# 
   177     0091                     	;# 
   178     0092                     	;# 
   179     0093                     	;# 
   180     0093                     	;# 
   181     0093                     	;# 
   182     0094                     	;# 
   183     0095                     	;# 
   184     0096                     	;# 
   185     0097                     	;# 
   186     0098                     	;# 
   187     0099                     	;# 
   188     009A                     	;# 
   189     009B                     	;# 
   190     009C                     	;# 
   191     009D                     	;# 
   192     009E                     	;# 
   193     009F                     	;# 
   194     0105                     	;# 
   195     0107                     	;# 
   196     0108                     	;# 
   197     0109                     	;# 
   198     010C                     	;# 
   199     010C                     	;# 
   200     010D                     	;# 
   201     010E                     	;# 
   202     010F                     	;# 
   203     0185                     	;# 
   204     0187                     	;# 
   205     0188                     	;# 
   206     0189                     	;# 
   207     018C                     	;# 
   208     018D                     	;# 
   209     0000                     	;# 
   210     0001                     	;# 
   211     0002                     	;# 
   212     0003                     	;# 
   213     0004                     	;# 
   214     0005                     	;# 
   215     0006                     	;# 
   216     0007                     	;# 
   217     0008                     	;# 
   218     0009                     	;# 
   219     000A                     	;# 
   220     000B                     	;# 
   221     000C                     	;# 
   222     000D                     	;# 
   223     000E                     	;# 
   224     000E                     	;# 
   225     000F                     	;# 
   226     0010                     	;# 
   227     0011                     	;# 
   228     0012                     	;# 
   229     0013                     	;# 
   230     0014                     	;# 
   231     0015                     	;# 
   232     0015                     	;# 
   233     0016                     	;# 
   234     0017                     	;# 
   235     0018                     	;# 
   236     0019                     	;# 
   237     001A                     	;# 
   238     001B                     	;# 
   239     001B                     	;# 
   240     001C                     	;# 
   241     001D                     	;# 
   242     001E                     	;# 
   243     001F                     	;# 
   244     0081                     	;# 
   245     0085                     	;# 
   246     0086                     	;# 
   247     0087                     	;# 
   248     0088                     	;# 
   249     0089                     	;# 
   250     008C                     	;# 
   251     008D                     	;# 
   252     008E                     	;# 
   253     008F                     	;# 
   254     0090                     	;# 
   255     0091                     	;# 
   256     0092                     	;# 
   257     0093                     	;# 
   258     0093                     	;# 
   259     0093                     	;# 
   260     0094                     	;# 
   261     0095                     	;# 
   262     0096                     	;# 
   263     0097                     	;# 
   264     0098                     	;# 
   265     0099                     	;# 
   266     009A                     	;# 
   267     009B                     	;# 
   268     009C                     	;# 
   269     009D                     	;# 
   270     009E                     	;# 
   271     009F                     	;# 
   272     0105                     	;# 
   273     0107                     	;# 
   274     0108                     	;# 
   275     0109                     	;# 
   276     010C                     	;# 
   277     010C                     	;# 
   278     010D                     	;# 
   279     010E                     	;# 
   280     010F                     	;# 
   281     0185                     	;# 
   282     0187                     	;# 
   283     0188                     	;# 
   284     0189                     	;# 
   285     018C                     	;# 
   286     018D                     	;# 
   287     0000                     	;# 
   288     0001                     	;# 
   289     0002                     	;# 
   290     0003                     	;# 
   291     0004                     	;# 
   292     0005                     	;# 
   293     0006                     	;# 
   294     0007                     	;# 
   295     0008                     	;# 
   296     0009                     	;# 
   297     000A                     	;# 
   298     000B                     	;# 
   299     000C                     	;# 
   300     000D                     	;# 
   301     000E                     	;# 
   302     000E                     	;# 
   303     000F                     	;# 
   304     0010                     	;# 
   305     0011                     	;# 
   306     0012                     	;# 
   307     0013                     	;# 
   308     0014                     	;# 
   309     0015                     	;# 
   310     0015                     	;# 
   311     0016                     	;# 
   312     0017                     	;# 
   313     0018                     	;# 
   314     0019                     	;# 
   315     001A                     	;# 
   316     001B                     	;# 
   317     001B                     	;# 
   318     001C                     	;# 
   319     001D                     	;# 
   320     001E                     	;# 
   321     001F                     	;# 
   322     0081                     	;# 
   323     0085                     	;# 
   324     0086                     	;# 
   325     0087                     	;# 
   326     0088                     	;# 
   327     0089                     	;# 
   328     008C                     	;# 
   329     008D                     	;# 
   330     008E                     	;# 
   331     008F                     	;# 
   332     0090                     	;# 
   333     0091                     	;# 
   334     0092                     	;# 
   335     0093                     	;# 
   336     0093                     	;# 
   337     0093                     	;# 
   338     0094                     	;# 
   339     0095                     	;# 
   340     0096                     	;# 
   341     0097                     	;# 
   342     0098                     	;# 
   343     0099                     	;# 
   344     009A                     	;# 
   345     009B                     	;# 
   346     009C                     	;# 
   347     009D                     	;# 
   348     009E                     	;# 
   349     009F                     	;# 
   350     0105                     	;# 
   351     0107                     	;# 
   352     0108                     	;# 
   353     0109                     	;# 
   354     010C                     	;# 
   355     010C                     	;# 
   356     010D                     	;# 
   357     010E                     	;# 
   358     010F                     	;# 
   359     0185                     	;# 
   360     0187                     	;# 
   361     0188                     	;# 
   362     0189                     	;# 
   363     018C                     	;# 
   364     018D                     	;# 
   365     001F                     _ADCON0	set	31
   366     001E                     _ADRESH	set	30
   367     001F                     _ADCON0bits	set	31
   368     0005                     _PORTA	set	5
   369     0006                     _PORTB	set	6
   370     0008                     _PORTD	set	8
   371     0014                     _SSPCONbits	set	20
   372     000C                     _PIR1bits	set	12
   373     0013                     _SSPBUF	set	19
   374     0014                     _SSPCON	set	20
   375     0063                     _SSPIF	set	99
   376     005E                     _PEIE	set	94
   377     005F                     _GIE	set	95
   378     009F                     _ADCON1bits	set	159
   379     008F                     _OSCCONbits	set	143
   380     0085                     _TRISA	set	133
   381     0088                     _TRISD	set	136
   382     0086                     _TRISB	set	134
   383     0094                     _SSPSTATbits	set	148
   384     0091                     _SSPCON2bits	set	145
   385     0087                     _TRISCbits	set	135
   386     0094                     _SSPSTAT	set	148
   387     0093                     _SSPADD	set	147
   388     0091                     _SSPCON2	set	145
   389     04A0                     _BF	set	1184
   390     0463                     _SSPIE	set	1123
   391     043C                     _TRISC4	set	1084
   392     043B                     _TRISC3	set	1083
   393     0189                     _ANSELH	set	393
   394     0188                     _ANSEL	set	392
   395                           
   396                           	psect	cinit
   397     000F                     start_initialization:	
   398                           ; #config settings
   399                           
   400     000F                     __initialization:
   401                           
   402                           ; Clear objects allocated to COMMON
   403     000F  01F7               	clrf	__pbssCOMMON& (0+127)
   404     0010  01F8               	clrf	(__pbssCOMMON+1)& (0+127)
   405     0011  01F9               	clrf	(__pbssCOMMON+2)& (0+127)
   406     0012                     end_of_initialization:	
   407                           ;End of C runtime variable initialization code
   408                           
   409     0012                     __end_of__initialization:
   410     0012  0183               	clrf	3
   411     0013  120A  118A  28C7   	ljmp	_main	;jump to C main() function
   412                           
   413                           	psect	bssCOMMON
   414     0077                     __pbssCOMMON:
   415     0077                     _ADC:
   416     0077                     	ds	1
   417     0078                     _dato:
   418     0078                     	ds	1
   419     0079                     _z:
   420     0079                     	ds	1
   421                           
   422                           	psect	cstackCOMMON
   423     0070                     __pcstackCOMMON:
   424     0070                     ?_setup:
   425     0070                     ?_setupADC:	
   426                           ; 1 bytes @ 0x0
   427                           
   428     0070                     ?_I2C_Slave_Init:	
   429                           ; 1 bytes @ 0x0
   430                           
   431     0070                     ?_isr:	
   432                           ; 1 bytes @ 0x0
   433                           
   434     0070                     ??_isr:	
   435                           ; 1 bytes @ 0x0
   436                           
   437     0070                     ?_main:	
   438                           ; 1 bytes @ 0x0
   439                           
   440                           
   441                           ; 1 bytes @ 0x0
   442     0070                     	ds	3
   443     0073                     ??_setupADC:
   444     0073                     ??_I2C_Slave_Init:	
   445                           ; 1 bytes @ 0x3
   446                           
   447     0073                     ?_ADC_Read:	
   448                           ; 1 bytes @ 0x3
   449                           
   450     0073                     I2C_Slave_Init@address:	
   451                           ; 2 bytes @ 0x3
   452                           
   453     0073                     ADC_Read@channel:	
   454                           ; 1 bytes @ 0x3
   455                           
   456                           
   457                           ; 2 bytes @ 0x3
   458     0073                     	ds	1
   459     0074                     ??_setup:
   460                           
   461                           ; 1 bytes @ 0x4
   462     0074                     	ds	1
   463     0075                     ??_ADC_Read:
   464                           
   465                           ; 1 bytes @ 0x5
   466     0075                     	ds	2
   467     0077                     ??_main:
   468                           
   469                           	psect	maintext
   470     00C7                     __pmaintext:	
   471                           ; 1 bytes @ 0x7
   472 ;;
   473 ;;Main: autosize = 0, tempsize = 0, incstack = 0, save=0
   474 ;;
   475 ;; *************** function _main *****************
   476 ;; Defined at:
   477 ;;		line 89 in file "main.c"
   478 ;; Parameters:    Size  Location     Type
   479 ;;		None
   480 ;; Auto vars:     Size  Location     Type
   481 ;;		None
   482 ;; Return value:  Size  Location     Type
   483 ;;                  1    wreg      void 
   484 ;; Registers used:
   485 ;;		wreg, status,2, status,0, pclath, cstack
   486 ;; Tracked objects:
   487 ;;		On entry : B00/0
   488 ;;		On exit  : 0/0
   489 ;;		Unchanged: 0/0
   490 ;; Data sizes:     COMMON   BANK0   BANK1   BANK3   BANK2
   491 ;;      Params:         0       0       0       0       0
   492 ;;      Locals:         0       0       0       0       0
   493 ;;      Temps:          0       0       0       0       0
   494 ;;      Totals:         0       0       0       0       0
   495 ;;Total ram usage:        0 bytes
   496 ;; Hardware stack levels required when called: 3
   497 ;; This function calls:
   498 ;;		_ADC_Read
   499 ;;		_setup
   500 ;;		_setupADC
   501 ;; This function is called by:
   502 ;;		Startup code after reset
   503 ;; This function uses a non-reentrant model
   504 ;;
   505                           
   506     00C7                     _main:	
   507                           ;psect for function _main
   508                           
   509     00C7                     l883:	
   510                           ;incstack = 0
   511                           ; Regs used in _main: [wreg+status,2+status,0+pclath+cstack]
   512                           
   513                           
   514                           ;main.c: 90:     setup();
   515     00C7  120A  118A  2092  120A  118A  	fcall	_setup
   516                           
   517                           ;main.c: 91:     setupADC();
   518     00CC  120A  118A  20DF  120A  118A  	fcall	_setupADC
   519     00D1                     l122:	
   520                           ;main.c: 95:     while(1){
   521                           
   522                           
   523                           ;main.c: 96:         ADC = ADC_Read(0);
   524     00D1  3000               	movlw	0
   525     00D2  00F3               	movwf	ADC_Read@channel
   526     00D3  00F4               	movwf	ADC_Read@channel+1
   527     00D4  120A  118A  2073  120A  118A  	fcall	_ADC_Read
   528     00D9  0873               	movf	?_ADC_Read,w
   529     00DA  00F7               	movwf	_ADC
   530     00DB  28D1               	goto	l122
   531     00DC  120A  118A  280C   	ljmp	start
   532     00DF                     __end_of_main:
   533                           
   534                           	psect	text1
   535     00DF                     __ptext1:	
   536 ;; *************** function _setupADC *****************
   537 ;; Defined at:
   538 ;;		line 14 in file "ADC.c"
   539 ;; Parameters:    Size  Location     Type
   540 ;;		None
   541 ;; Auto vars:     Size  Location     Type
   542 ;;		None
   543 ;; Return value:  Size  Location     Type
   544 ;;                  1    wreg      void 
   545 ;; Registers used:
   546 ;;		wreg, status,2
   547 ;; Tracked objects:
   548 ;;		On entry : 0/0
   549 ;;		On exit  : 0/0
   550 ;;		Unchanged: 0/0
   551 ;; Data sizes:     COMMON   BANK0   BANK1   BANK3   BANK2
   552 ;;      Params:         0       0       0       0       0
   553 ;;      Locals:         0       0       0       0       0
   554 ;;      Temps:          1       0       0       0       0
   555 ;;      Totals:         1       0       0       0       0
   556 ;;Total ram usage:        1 bytes
   557 ;; Hardware stack levels used: 1
   558 ;; Hardware stack levels required when called: 1
   559 ;; This function calls:
   560 ;;		Nothing
   561 ;; This function is called by:
   562 ;;		_main
   563 ;; This function uses a non-reentrant model
   564 ;;
   565                           
   566     00DF                     _setupADC:	
   567                           ;psect for function _setupADC
   568                           
   569     00DF                     l775:	
   570                           ;incstack = 0
   571                           ; Regs used in _setupADC: [wreg+status,2]
   572                           
   573                           
   574                           ;ADC.c: 15:     ANSEL = ANSEL | 0x01;
   575     00DF  1683               	bsf	3,5	;RP0=1, select bank3
   576     00E0  1703               	bsf	3,6	;RP1=1, select bank3
   577     00E1  0808               	movf	8,w	;volatile
   578     00E2  3801               	iorlw	1
   579     00E3  0088               	movwf	8	;volatile
   580     00E4                     l777:
   581                           
   582                           ;ADC.c: 16:     ADCON0 = 0x00;
   583     00E4  1283               	bcf	3,5	;RP0=0, select bank0
   584     00E5  1303               	bcf	3,6	;RP1=0, select bank0
   585     00E6  019F               	clrf	31	;volatile
   586     00E7                     l779:
   587                           
   588                           ;ADC.c: 17:     ADCON0bits.ADCS1 = 0;
   589     00E7  139F               	bcf	31,7	;volatile
   590     00E8                     l781:
   591                           
   592                           ;ADC.c: 18:     ADCON0bits.ADCS0 = 0;
   593     00E8  131F               	bcf	31,6	;volatile
   594     00E9                     l783:
   595                           
   596                           ;ADC.c: 19:     ADCON1bits.VCFG1 = 0;
   597     00E9  1683               	bsf	3,5	;RP0=1, select bank1
   598     00EA  1303               	bcf	3,6	;RP1=0, select bank1
   599     00EB  129F               	bcf	31,5	;volatile
   600     00EC                     l785:
   601                           
   602                           ;ADC.c: 20:     ADCON1bits.VCFG0 = 0;
   603     00EC  121F               	bcf	31,4	;volatile
   604     00ED                     l787:
   605                           
   606                           ;ADC.c: 22:     ADCON1bits.ADFM = 0;
   607     00ED  139F               	bcf	31,7	;volatile
   608     00EE                     l789:
   609                           
   610                           ;ADC.c: 23:     ADCON0bits.ADON = 1;
   611     00EE  1283               	bcf	3,5	;RP0=0, select bank0
   612     00EF  1303               	bcf	3,6	;RP1=0, select bank0
   613     00F0  141F               	bsf	31,0	;volatile
   614                           
   615                           ;ADC.c: 24:     _delay((unsigned long)((100)*(8000000/4000000.0)));
   616     00F1  3042               	movlw	66
   617     00F2  00F3               	movwf	??_setupADC
   618     00F3                     u167:
   619     00F3  0BF3               	decfsz	??_setupADC,f
   620     00F4  28F3               	goto	u167
   621     00F5  0000               	nop
   622     00F6                     l149:
   623     00F6  0008               	return
   624     00F7                     __end_of_setupADC:
   625                           
   626                           	psect	text2
   627     0092                     __ptext2:	
   628 ;; *************** function _setup *****************
   629 ;; Defined at:
   630 ;;		line 103 in file "main.c"
   631 ;; Parameters:    Size  Location     Type
   632 ;;		None
   633 ;; Auto vars:     Size  Location     Type
   634 ;;		None
   635 ;; Return value:  Size  Location     Type
   636 ;;                  1    wreg      void 
   637 ;; Registers used:
   638 ;;		wreg, status,2, status,0, pclath, cstack
   639 ;; Tracked objects:
   640 ;;		On entry : 0/0
   641 ;;		On exit  : 0/0
   642 ;;		Unchanged: 0/0
   643 ;; Data sizes:     COMMON   BANK0   BANK1   BANK3   BANK2
   644 ;;      Params:         0       0       0       0       0
   645 ;;      Locals:         0       0       0       0       0
   646 ;;      Temps:          0       0       0       0       0
   647 ;;      Totals:         0       0       0       0       0
   648 ;;Total ram usage:        0 bytes
   649 ;; Hardware stack levels used: 1
   650 ;; Hardware stack levels required when called: 2
   651 ;; This function calls:
   652 ;;		_I2C_Slave_Init
   653 ;; This function is called by:
   654 ;;		_main
   655 ;; This function uses a non-reentrant model
   656 ;;
   657                           
   658     0092                     _setup:	
   659                           ;psect for function _setup
   660                           
   661     0092                     l759:	
   662                           ;incstack = 0
   663                           ; Regs used in _setup: [wreg+status,2+status,0+pclath+cstack]
   664                           
   665                           
   666                           ;main.c: 104:     ANSEL = 0;
   667     0092  1683               	bsf	3,5	;RP0=1, select bank3
   668     0093  1703               	bsf	3,6	;RP1=1, select bank3
   669     0094  0188               	clrf	8	;volatile
   670                           
   671                           ;main.c: 105:     ANSELH = 0;
   672     0095  0189               	clrf	9	;volatile
   673                           
   674                           ;main.c: 107:     TRISB = 0;
   675     0096  1683               	bsf	3,5	;RP0=1, select bank1
   676     0097  1303               	bcf	3,6	;RP1=0, select bank1
   677     0098  0186               	clrf	6	;volatile
   678                           
   679                           ;main.c: 108:     TRISD = 0;
   680     0099  0188               	clrf	8	;volatile
   681     009A                     l761:
   682                           
   683                           ;main.c: 109:     TRISA = 0b00000001;
   684     009A  3001               	movlw	1
   685     009B  0085               	movwf	5	;volatile
   686     009C                     l763:
   687                           
   688                           ;main.c: 111:     PORTB = 0;
   689     009C  1283               	bcf	3,5	;RP0=0, select bank0
   690     009D  1303               	bcf	3,6	;RP1=0, select bank0
   691     009E  0186               	clrf	6	;volatile
   692     009F                     l765:
   693                           
   694                           ;main.c: 112:     PORTD = 0;
   695     009F  0188               	clrf	8	;volatile
   696     00A0                     l767:
   697                           
   698                           ;main.c: 113:     PORTA = 0;
   699     00A0  0185               	clrf	5	;volatile
   700     00A1                     l769:
   701                           
   702                           ;main.c: 114:     OSCCONbits.IRCF = 0b111;
   703     00A1  3070               	movlw	112
   704     00A2  1683               	bsf	3,5	;RP0=1, select bank1
   705     00A3  1303               	bcf	3,6	;RP1=0, select bank1
   706     00A4  048F               	iorwf	15,f	;volatile
   707     00A5                     l771:
   708                           
   709                           ;main.c: 115:     OSCCONbits.SCS = 1;
   710     00A5  140F               	bsf	15,0	;volatile
   711     00A6                     l773:
   712                           
   713                           ;main.c: 117:     I2C_Slave_Init(0x50);
   714     00A6  3050               	movlw	80
   715     00A7  120A  118A  20AD  120A  118A  	fcall	_I2C_Slave_Init
   716     00AC                     l128:
   717     00AC  0008               	return
   718     00AD                     __end_of_setup:
   719                           
   720                           	psect	text3
   721     00AD                     __ptext3:	
   722 ;; *************** function _I2C_Slave_Init *****************
   723 ;; Defined at:
   724 ;;		line 93 in file "I2C.c"
   725 ;; Parameters:    Size  Location     Type
   726 ;;  address         1    wreg     unsigned char 
   727 ;; Auto vars:     Size  Location     Type
   728 ;;  address         1    3[COMMON] unsigned char 
   729 ;; Return value:  Size  Location     Type
   730 ;;                  1    wreg      void 
   731 ;; Registers used:
   732 ;;		wreg
   733 ;; Tracked objects:
   734 ;;		On entry : 0/0
   735 ;;		On exit  : 0/0
   736 ;;		Unchanged: 0/0
   737 ;; Data sizes:     COMMON   BANK0   BANK1   BANK3   BANK2
   738 ;;      Params:         0       0       0       0       0
   739 ;;      Locals:         1       0       0       0       0
   740 ;;      Temps:          0       0       0       0       0
   741 ;;      Totals:         1       0       0       0       0
   742 ;;Total ram usage:        1 bytes
   743 ;; Hardware stack levels used: 1
   744 ;; Hardware stack levels required when called: 1
   745 ;; This function calls:
   746 ;;		Nothing
   747 ;; This function is called by:
   748 ;;		_setup
   749 ;; This function uses a non-reentrant model
   750 ;;
   751                           
   752     00AD                     _I2C_Slave_Init:	
   753                           ;psect for function _I2C_Slave_Init
   754                           
   755                           
   756                           ;incstack = 0
   757                           ; Regs used in _I2C_Slave_Init: [wreg]
   758                           ;I2C_Slave_Init@address stored from wreg
   759     00AD  00F3               	movwf	I2C_Slave_Init@address
   760     00AE                     l741:
   761                           
   762                           ;I2C.c: 93: void I2C_Slave_Init(uint8_t address);I2C.c: 94: {;I2C.c: 95:     SSPADD = ad
      +                          dress;
   763     00AE  0873               	movf	I2C_Slave_Init@address,w
   764     00AF  1683               	bsf	3,5	;RP0=1, select bank1
   765     00B0  1303               	bcf	3,6	;RP1=0, select bank1
   766     00B1  0093               	movwf	19	;volatile
   767                           
   768                           ;I2C.c: 96:     SSPCON = 0x36;
   769     00B2  3036               	movlw	54
   770     00B3  1283               	bcf	3,5	;RP0=0, select bank0
   771     00B4  1303               	bcf	3,6	;RP1=0, select bank0
   772     00B5  0094               	movwf	20	;volatile
   773                           
   774                           ;I2C.c: 97:     SSPSTAT = 0x80;
   775     00B6  3080               	movlw	128
   776     00B7  1683               	bsf	3,5	;RP0=1, select bank1
   777     00B8  1303               	bcf	3,6	;RP1=0, select bank1
   778     00B9  0094               	movwf	20	;volatile
   779                           
   780                           ;I2C.c: 98:     SSPCON2 = 0x01;
   781     00BA  3001               	movlw	1
   782     00BB  0091               	movwf	17	;volatile
   783     00BC                     l743:
   784                           
   785                           ;I2C.c: 99:     TRISC3 = 1;
   786     00BC  1587               	bsf	7,3	;volatile
   787     00BD                     l745:
   788                           
   789                           ;I2C.c: 100:     TRISC4 = 1;
   790     00BD  1607               	bsf	7,4	;volatile
   791     00BE                     l747:
   792                           
   793                           ;I2C.c: 101:     GIE = 1;
   794     00BE  178B               	bsf	11,7	;volatile
   795     00BF                     l749:
   796                           
   797                           ;I2C.c: 102:     PEIE = 1;
   798     00BF  170B               	bsf	11,6	;volatile
   799     00C0                     l751:
   800                           
   801                           ;I2C.c: 103:     SSPIF = 0;
   802     00C0  1283               	bcf	3,5	;RP0=0, select bank0
   803     00C1  1303               	bcf	3,6	;RP1=0, select bank0
   804     00C2  118C               	bcf	12,3	;volatile
   805     00C3                     l753:
   806                           
   807                           ;I2C.c: 104:     SSPIE = 1;
   808     00C3  1683               	bsf	3,5	;RP0=1, select bank1
   809     00C4  1303               	bcf	3,6	;RP1=0, select bank1
   810     00C5  158C               	bsf	12,3	;volatile
   811     00C6                     l55:
   812     00C6  0008               	return
   813     00C7                     __end_of_I2C_Slave_Init:
   814                           
   815                           	psect	text4
   816     0073                     __ptext4:	
   817 ;; *************** function _ADC_Read *****************
   818 ;; Defined at:
   819 ;;		line 5 in file "ADC.c"
   820 ;; Parameters:    Size  Location     Type
   821 ;;  channel         2    3[COMMON] unsigned int 
   822 ;; Auto vars:     Size  Location     Type
   823 ;;		None
   824 ;; Return value:  Size  Location     Type
   825 ;;                  2    3[COMMON] unsigned int 
   826 ;; Registers used:
   827 ;;		wreg, status,2, status,0
   828 ;; Tracked objects:
   829 ;;		On entry : 0/0
   830 ;;		On exit  : 0/0
   831 ;;		Unchanged: 0/0
   832 ;; Data sizes:     COMMON   BANK0   BANK1   BANK3   BANK2
   833 ;;      Params:         2       0       0       0       0
   834 ;;      Locals:         0       0       0       0       0
   835 ;;      Temps:          2       0       0       0       0
   836 ;;      Totals:         4       0       0       0       0
   837 ;;Total ram usage:        4 bytes
   838 ;; Hardware stack levels used: 1
   839 ;; Hardware stack levels required when called: 1
   840 ;; This function calls:
   841 ;;		Nothing
   842 ;; This function is called by:
   843 ;;		_main
   844 ;; This function uses a non-reentrant model
   845 ;;
   846                           
   847     0073                     _ADC_Read:	
   848                           ;psect for function _ADC_Read
   849                           
   850     0073                     l875:	
   851                           ;incstack = 0
   852                           ; Regs used in _ADC_Read: [wreg+status,2+status,0]
   853                           
   854                           
   855                           ;ADC.c: 6:     ADCON0bits.CHS = channel;
   856     0073  0873               	movf	ADC_Read@channel,w
   857     0074  00F5               	movwf	??_ADC_Read
   858     0075  0DF5               	rlf	??_ADC_Read,f
   859     0076  0DF5               	rlf	??_ADC_Read,f
   860     0077  1283               	bcf	3,5	;RP0=0, select bank0
   861     0078  1303               	bcf	3,6	;RP1=0, select bank0
   862     0079  081F               	movf	31,w	;volatile
   863     007A  0675               	xorwf	??_ADC_Read,w
   864     007B  39C3               	andlw	-61
   865     007C  0675               	xorwf	??_ADC_Read,w
   866     007D  009F               	movwf	31	;volatile
   867     007E                     l877:
   868                           
   869                           ;ADC.c: 7:     ADCON0bits.GO = 1;
   870     007E  149F               	bsf	31,1	;volatile
   871     007F                     l143:	
   872                           ;ADC.c: 8:     while(ADCON0bits.GO);
   873                           
   874     007F  189F               	btfsc	31,1	;volatile
   875     0080  2882               	goto	u151
   876     0081  2883               	goto	u150
   877     0082                     u151:
   878     0082  287F               	goto	l143
   879     0083                     u150:
   880     0083                     l879:
   881                           
   882                           ;ADC.c: 9:     _delay((unsigned long)((100)*(8000000/4000000.0)));
   883     0083  3042               	movlw	66
   884     0084  00F5               	movwf	??_ADC_Read
   885     0085                     u177:
   886     0085  0BF5               	decfsz	??_ADC_Read,f
   887     0086  2885               	goto	u177
   888     0087  0000               	nop
   889                           
   890                           ;ADC.c: 10:     return (ADRESH);
   891     0088  1283               	bcf	3,5	;RP0=0, select bank0
   892     0089  1303               	bcf	3,6	;RP1=0, select bank0
   893     008A  081E               	movf	30,w	;volatile
   894     008B  00F5               	movwf	??_ADC_Read
   895     008C  01F6               	clrf	??_ADC_Read+1
   896     008D  0875               	movf	??_ADC_Read,w
   897     008E  00F3               	movwf	?_ADC_Read
   898     008F  0876               	movf	??_ADC_Read+1,w
   899     0090  00F4               	movwf	?_ADC_Read+1
   900     0091                     l146:
   901     0091  0008               	return
   902     0092                     __end_of_ADC_Read:
   903                           
   904                           	psect	text5
   905     0016                     __ptext5:	
   906 ;; *************** function _isr *****************
   907 ;; Defined at:
   908 ;;		line 52 in file "main.c"
   909 ;; Parameters:    Size  Location     Type
   910 ;;		None
   911 ;; Auto vars:     Size  Location     Type
   912 ;;		None
   913 ;; Return value:  Size  Location     Type
   914 ;;                  1    wreg      void 
   915 ;; Registers used:
   916 ;;		wreg
   917 ;; Tracked objects:
   918 ;;		On entry : 0/0
   919 ;;		On exit  : 0/0
   920 ;;		Unchanged: 0/0
   921 ;; Data sizes:     COMMON   BANK0   BANK1   BANK3   BANK2
   922 ;;      Params:         0       0       0       0       0
   923 ;;      Locals:         0       0       0       0       0
   924 ;;      Temps:          3       0       0       0       0
   925 ;;      Totals:         3       0       0       0       0
   926 ;;Total ram usage:        3 bytes
   927 ;; Hardware stack levels used: 1
   928 ;; This function calls:
   929 ;;		Nothing
   930 ;; This function is called by:
   931 ;;		Interrupt level 1
   932 ;; This function uses a non-reentrant model
   933 ;;
   934                           
   935     0016                     _isr:	
   936                           ;psect for function _isr
   937                           
   938     0016                     i1l839:
   939                           
   940                           ;main.c: 53:    if(PIR1bits.SSPIF == 1){
   941     0016  1283               	bcf	3,5	;RP0=0, select bank0
   942     0017  1303               	bcf	3,6	;RP1=0, select bank0
   943     0018  1D8C               	btfss	12,3	;volatile
   944     0019  281B               	goto	u6_21
   945     001A  281C               	goto	u6_20
   946     001B                     u6_21:
   947     001B  286C               	goto	i1l117
   948     001C                     u6_20:
   949     001C                     i1l841:
   950                           
   951                           ;main.c: 55:         SSPCONbits.CKP = 0;
   952     001C  1214               	bcf	20,4	;volatile
   953                           
   954                           ;main.c: 57:         if ((SSPCONbits.SSPOV) || (SSPCONbits.WCOL)){
   955     001D  1B14               	btfsc	20,6	;volatile
   956     001E  2820               	goto	u7_21
   957     001F  2821               	goto	u7_20
   958     0020                     u7_21:
   959     0020  2825               	goto	i1l845
   960     0021                     u7_20:
   961     0021                     i1l843:
   962     0021  1F94               	btfss	20,7	;volatile
   963     0022  2824               	goto	u8_21
   964     0023  2825               	goto	u8_20
   965     0024                     u8_21:
   966     0024  282A               	goto	i1l853
   967     0025                     u8_20:
   968     0025                     i1l845:
   969                           
   970                           ;main.c: 58:             z = SSPBUF;
   971     0025  0813               	movf	19,w	;volatile
   972     0026  00F9               	movwf	_z
   973     0027                     i1l847:
   974                           
   975                           ;main.c: 59:             SSPCONbits.SSPOV = 0;
   976     0027  1314               	bcf	20,6	;volatile
   977     0028                     i1l849:
   978                           
   979                           ;main.c: 60:             SSPCONbits.WCOL = 0;
   980     0028  1394               	bcf	20,7	;volatile
   981     0029                     i1l851:
   982                           
   983                           ;main.c: 61:             SSPCONbits.CKP = 1;
   984     0029  1614               	bsf	20,4	;volatile
   985     002A                     i1l853:
   986                           
   987                           ;main.c: 64:         if(!SSPSTATbits.D_nA && !SSPSTATbits.R_nW) {
   988     002A  1683               	bsf	3,5	;RP0=1, select bank1
   989     002B  1303               	bcf	3,6	;RP1=0, select bank1
   990     002C  1A94               	btfsc	20,5	;volatile
   991     002D  282F               	goto	u9_21
   992     002E  2830               	goto	u9_20
   993     002F                     u9_21:
   994     002F  284A               	goto	i1l108
   995     0030                     u9_20:
   996     0030                     i1l855:
   997     0030  1914               	btfsc	20,2	;volatile
   998     0031  2833               	goto	u10_21
   999     0032  2834               	goto	u10_20
  1000     0033                     u10_21:
  1001     0033  284A               	goto	i1l108
  1002     0034                     u10_20:
  1003     0034                     i1l857:
  1004                           
  1005                           ;main.c: 66:             z = SSPBUF;
  1006     0034  1283               	bcf	3,5	;RP0=0, select bank0
  1007     0035  1303               	bcf	3,6	;RP1=0, select bank0
  1008     0036  0813               	movf	19,w	;volatile
  1009     0037  00F9               	movwf	_z
  1010     0038                     i1l859:
  1011                           
  1012                           ;main.c: 68:             PIR1bits.SSPIF = 0;
  1013     0038  118C               	bcf	12,3	;volatile
  1014     0039                     i1l861:
  1015                           
  1016                           ;main.c: 69:             SSPCONbits.CKP = 1;
  1017     0039  1614               	bsf	20,4	;volatile
  1018     003A                     i1l109:	
  1019                           ;main.c: 70:             while(!SSPSTATbits.BF);
  1020                           
  1021     003A  1683               	bsf	3,5	;RP0=1, select bank1
  1022     003B  1303               	bcf	3,6	;RP1=0, select bank1
  1023     003C  1C14               	btfss	20,0	;volatile
  1024     003D  283F               	goto	u11_21
  1025     003E  2840               	goto	u11_20
  1026     003F                     u11_21:
  1027     003F  283A               	goto	i1l109
  1028     0040                     u11_20:
  1029     0040                     i1l863:
  1030                           
  1031                           ;main.c: 71:             PORTD = SSPBUF;
  1032     0040  1283               	bcf	3,5	;RP0=0, select bank0
  1033     0041  1303               	bcf	3,6	;RP1=0, select bank0
  1034     0042  0813               	movf	19,w	;volatile
  1035     0043  0088               	movwf	8	;volatile
  1036                           
  1037                           ;main.c: 72:             _delay((unsigned long)((250)*(8000000/4000000.0)));
  1038     0044  30A6               	movlw	166
  1039     0045  00F0               	movwf	??_isr
  1040     0046                     u18_27:
  1041     0046  0BF0               	decfsz	??_isr,f
  1042     0047  2846               	goto	u18_27
  1043     0048  0000               	nop
  1044                           
  1045                           ;main.c: 74:         }else if(!SSPSTATbits.D_nA && SSPSTATbits.R_nW){
  1046     0049  2869               	goto	i1l112
  1047     004A                     i1l108:
  1048     004A  1A94               	btfsc	20,5	;volatile
  1049     004B  284D               	goto	u12_21
  1050     004C  284E               	goto	u12_20
  1051     004D                     u12_21:
  1052     004D  2869               	goto	i1l112
  1053     004E                     u12_20:
  1054     004E                     i1l865:
  1055     004E  1D14               	btfss	20,2	;volatile
  1056     004F  2851               	goto	u13_21
  1057     0050  2852               	goto	u13_20
  1058     0051                     u13_21:
  1059     0051  2869               	goto	i1l112
  1060     0052                     u13_20:
  1061     0052                     i1l867:
  1062                           
  1063                           ;main.c: 75:             z = SSPBUF;
  1064     0052  1283               	bcf	3,5	;RP0=0, select bank0
  1065     0053  1303               	bcf	3,6	;RP1=0, select bank0
  1066     0054  0813               	movf	19,w	;volatile
  1067     0055  00F9               	movwf	_z
  1068     0056                     i1l869:
  1069                           
  1070                           ;main.c: 76:             BF = 0;
  1071     0056  1683               	bsf	3,5	;RP0=1, select bank1
  1072     0057  1303               	bcf	3,6	;RP1=0, select bank1
  1073     0058  1014               	bcf	20,0	;volatile
  1074                           
  1075                           ;main.c: 77:             SSPBUF = ADC;
  1076     0059  0877               	movf	_ADC,w
  1077     005A  1283               	bcf	3,5	;RP0=0, select bank0
  1078     005B  1303               	bcf	3,6	;RP1=0, select bank0
  1079     005C  0093               	movwf	19	;volatile
  1080     005D                     i1l871:
  1081                           
  1082                           ;main.c: 78:             SSPCONbits.CKP = 1;
  1083     005D  1614               	bsf	20,4	;volatile
  1084                           
  1085                           ;main.c: 79:             _delay((unsigned long)((250)*(8000000/4000000.0)));
  1086     005E  30A6               	movlw	166
  1087     005F  00F0               	movwf	??_isr
  1088     0060                     u19_27:
  1089     0060  0BF0               	decfsz	??_isr,f
  1090     0061  2860               	goto	u19_27
  1091     0062  0000               	nop
  1092     0063                     i1l114:	
  1093                           ;main.c: 80:             while(SSPSTATbits.BF);
  1094                           
  1095     0063  1683               	bsf	3,5	;RP0=1, select bank1
  1096     0064  1303               	bcf	3,6	;RP1=0, select bank1
  1097     0065  1814               	btfsc	20,0	;volatile
  1098     0066  2868               	goto	u14_21
  1099     0067  2869               	goto	u14_20
  1100     0068                     u14_21:
  1101     0068  2863               	goto	i1l114
  1102     0069                     u14_20:
  1103     0069                     i1l112:
  1104                           
  1105                           ;main.c: 83:         PIR1bits.SSPIF = 0;
  1106     0069  1283               	bcf	3,5	;RP0=0, select bank0
  1107     006A  1303               	bcf	3,6	;RP1=0, select bank0
  1108     006B  118C               	bcf	12,3	;volatile
  1109     006C                     i1l117:
  1110     006C  0872               	movf	??_isr+2,w
  1111     006D  008A               	movwf	10
  1112     006E  0E71               	swapf	??_isr+1,w
  1113     006F  0083               	movwf	3
  1114     0070  0EFE               	swapf	btemp,f
  1115     0071  0E7E               	swapf	btemp,w
  1116     0072  0009               	retfie
  1117     0073                     __end_of_isr:
  1118     007E                     btemp	set	126	;btemp
  1119     007E                     wtemp0	set	126
  1120                           
  1121                           	psect	intentry
  1122     0004                     __pintentry:	
  1123                           ;incstack = 0
  1124                           ; Regs used in _isr: [wreg]
  1125                           
  1126     0004                     interrupt_function:
  1127     007E                     saved_w	set	btemp
  1128     0004  00FE               	movwf	btemp
  1129     0005  0E03               	swapf	3,w
  1130     0006  00F1               	movwf	??_isr+1
  1131     0007  080A               	movf	10,w
  1132     0008  00F2               	movwf	??_isr+2
  1133     0009  120A  118A  2816   	ljmp	_isr
  1134                           
  1135                           	psect	idloc
  1136                           
  1137                           ;Config register IDLOC0 @ 0x2000
  1138                           ;	unspecified, using default values
  1139     2000                     	org	8192
  1140     2000  3FFF               	dw	16383
  1141                           
  1142                           ;Config register IDLOC1 @ 0x2001
  1143                           ;	unspecified, using default values
  1144     2001                     	org	8193
  1145     2001  3FFF               	dw	16383
  1146                           
  1147                           ;Config register IDLOC2 @ 0x2002
  1148                           ;	unspecified, using default values
  1149     2002                     	org	8194
  1150     2002  3FFF               	dw	16383
  1151                           
  1152                           ;Config register IDLOC3 @ 0x2003
  1153                           ;	unspecified, using default values
  1154     2003                     	org	8195
  1155     2003  3FFF               	dw	16383
  1156                           
  1157                           	psect	config
  1158                           
  1159                           ;Config register CONFIG1 @ 0x2007
  1160                           ;	Oscillator Selection bits
  1161                           ;	FOSC = INTRC_NOCLKOUT, INTOSCIO oscillator: I/O function on RA6/OSC2/CLKOUT pin, I/O f
      +                          unction on RA7/OSC1/CLKIN
  1162                           ;	Watchdog Timer Enable bit
  1163                           ;	WDTE = OFF, WDT disabled and can be enabled by SWDTEN bit of the WDTCON register
  1164                           ;	Power-up Timer Enable bit
  1165                           ;	PWRTE = OFF, PWRT disabled
  1166                           ;	RE3/MCLR pin function select bit
  1167                           ;	MCLRE = OFF, RE3/MCLR pin function is digital input, MCLR internally tied to VDD
  1168                           ;	Code Protection bit
  1169                           ;	CP = OFF, Program memory code protection is disabled
  1170                           ;	Data Code Protection bit
  1171                           ;	CPD = OFF, Data memory code protection is disabled
  1172                           ;	Brown Out Reset Selection bits
  1173                           ;	BOREN = OFF, BOR disabled
  1174                           ;	Internal External Switchover bit
  1175                           ;	IESO = OFF, Internal/External Switchover mode is disabled
  1176                           ;	Fail-Safe Clock Monitor Enabled bit
  1177                           ;	FCMEN = OFF, Fail-Safe Clock Monitor is disabled
  1178                           ;	Low Voltage Programming Enable bit
  1179                           ;	LVP = OFF, RB3 pin has digital I/O, HV on MCLR must be used for programming
  1180                           ;	In-Circuit Debugger Mode bit
  1181                           ;	DEBUG = 0x1, unprogramme  1182     2007                     	org	8199
  1183     2007  20D4               	dw	8404
  1184                           
  1185                           ;Config register CONFIG2 @ 0x2008
  1186                           ;	Brown-out Reset Selection bit
  1187                           ;	BOR4V = BOR40V, Brown-out Reset set to 4.0V
  1188                           ;	Flash Program Memory Self Write Enable bits
  1189                           ;	WRT = OFF, Write protection off
  1190     2008                     	org	8200
  1191     2008  3FFF               	dw	16383

Data Sizes:
    Strings     0
    Constant    0
    Data        0
    BSS         3
    Persistent  0
    Stack       0

Auto Spaces:
    Space          Size  Autos    Used
    COMMON           14      7      10
    BANK0            80      0       0
    BANK1            80      0       0
    BANK3            96      0       0
    BANK2            96      0       0

Pointer List with Targets:

    None.

Critical Paths under _main in COMMON

    _main->_ADC_Read
    _setup->_I2C_Slave_Init

Critical Paths under _isr in COMMON

    None.

Critical Paths under _main in BANK0

    None.

Critical Paths under _isr in BANK0

    None.

Critical Paths under _main in BANK1

    None.

Critical Paths under _isr in BANK1

    None.

Critical Paths under _main in BANK3

    None.

Critical Paths under _isr in BANK3

    None.

Critical Paths under _main in BANK2

    None.

Critical Paths under _isr in BANK2

    None.

Call Graph Tables:

 ---------------------------------------------------------------------------------
 (Depth) Function   	        Calls       Base Space   Used Autos Params    Refs
 ---------------------------------------------------------------------------------
 (0) _main                                                 0     0      0     113
                           _ADC_Read
                              _setup
                           _setupADC
 ---------------------------------------------------------------------------------
 (1) _setupADC                                             1     1      0       0
                                              3 COMMON     1     1      0
 ---------------------------------------------------------------------------------
 (1) _setup                                                0     0      0      15
                     _I2C_Slave_Init
 ---------------------------------------------------------------------------------
 (2) _I2C_Slave_Init                                       1     1      0      15
                                              3 COMMON     1     1      0
 ---------------------------------------------------------------------------------
 (1) _ADC_Read                                             4     2      2      98
                                              3 COMMON     4     2      2
 ---------------------------------------------------------------------------------
 Estimated maximum stack depth 2
 ---------------------------------------------------------------------------------
 (Depth) Function   	        Calls       Base Space   Used Autos Params    Refs
 ---------------------------------------------------------------------------------
 (3) _isr                                                  3     3      0       0
                                              0 COMMON     3     3      0
 ---------------------------------------------------------------------------------
 Estimated maximum stack depth 3
 ---------------------------------------------------------------------------------

 Call Graph Graphs:

 _main (ROOT)
   _ADC_Read
   _setup
     _I2C_Slave_Init
   _setupADC

 _isr (ROOT)

 Address spaces:
Name               Size   Autos  Total    Cost      Usage
BITCOMMON            E      0       0       0        0.0%
EEDATA             100      0       0       0        0.0%
NULL                 0      0       0       0        0.0%
CODE                 0      0       0       0        0.0%
COMMON               E      7       A       1       71.4%
BITSFR0              0      0       0       1        0.0%
SFR0                 0      0       0       1        0.0%
BITSFR1              0      0       0       2        0.0%
SFR1                 0      0       0       2        0.0%
STACK                0      0       0       2        0.0%
ABS                  0      0       A       3        0.0%
BITBANK0            50      0       0       4        0.0%
BITSFR3              0      0       0       4        0.0%
SFR3                 0      0       0       4        0.0%
BANK0               50      0       0       5        0.0%
BITSFR2              0      0       0       5        0.0%
SFR2                 0      0       0       5        0.0%
BITBANK1            50      0       0       6        0.0%
BANK1               50      0       0       7        0.0%
BITBANK3            60      0       0       8        0.0%
BANK3               60      0       0       9        0.0%
BITBANK2            60      0       0      10        0.0%
BANK2               60      0       0      11        0.0%
DATA                 0      0       A      12        0.0%


Microchip Technology PIC Macro Assembler V2.40 build 20220703182018 
Symbol Table                                                                                   Fri Feb 10 11:34:58 2023

                      _z 0079              _SSPSTATbits 0094                       _BF 04A0  
                     l55 00C6                      l122 00D1                      l143 007F  
                    l128 00AC                      l146 0091                      l149 00F6  
                    _ADC 0077                      l741 00AE                      l751 00C0  
                    l743 00BC                      l753 00C3                      l745 00BD  
                    l761 009A                      l747 00BE                      l771 00A5  
                    l763 009C                      l749 00BF                      l773 00A6  
                    l765 009F                      l781 00E8                      l767 00A0  
                    l759 0092                      l783 00E9                      l775 00DF  
                    l769 00A1                      l785 00EC                      l777 00E4  
                    l875 0073                      l787 00ED                      l779 00E7  
                    l883 00C7                      l877 007E                      l789 00EE  
                    l879 0083                      _GIE 005F                      u150 0083  
                    u151 0082                      u167 00F3                      u177 0085  
                    _isr 0016                     ?_isr 0070                     _PEIE 005E  
                   u6_20 001C                     u6_21 001B                     u7_20 0021  
                   u7_21 0020                     u8_20 0025                     u8_21 0024  
                   u9_20 0030                     u9_21 002F                     _dato 0078  
                   _main 00C7                     btemp 007E         __end_of_ADC_Read 0092  
                   start 000C                    ??_isr 0070                    ?_main 0070  
                  _ANSEL 0188                    i1l112 0069                    i1l114 0063  
                  i1l108 004A                    i1l109 003A                    i1l117 006C  
                  i1l841 001C                    i1l851 0029                    i1l843 0021  
                  i1l861 0039                    i1l853 002A                    i1l845 0025  
                  i1l871 005D                    i1l863 0040                    i1l855 0030  
                  i1l847 0027                    i1l839 0016                    i1l865 004E  
                  i1l857 0034                    i1l849 0028                    i1l867 0052  
                  i1l859 0038                    i1l869 0056                    u10_20 0034  
                  u10_21 0033                    u11_20 0040                    u11_21 003F  
                  u12_20 004E                    u12_21 004D                    u13_20 0052  
                  u13_21 0051                    u14_20 0069                    u14_21 0068  
                  u18_27 0046                    _PORTA 0005                    _PORTB 0006  
                  _PORTD 0008                    u19_27 0060                    _TRISA 0085  
                  _TRISB 0086                    _TRISD 0088                    _SSPIE 0463  
                  _SSPIF 0063                    _setup 0092                    pclath 000A  
                  status 0003                    wtemp0 007E          __initialization 000F  
           __end_of_main 00DF                   ??_main 0077                   _ADCON0 001F  
                 _ADRESH 001E                   ?_setup 0070                   _ANSELH 0189  
                 _SSPADD 0093                   _TRISC3 043B                   _TRISC4 043C  
                 _SSPCON 0014                   _SSPBUF 0013          ADC_Read@channel 0073  
       __end_of_setupADC 00F7                ?_ADC_Read 0073                   saved_w 007E  
__end_of__initialization 0012           __pcstackCOMMON 0070            __end_of_setup 00AD  
             ??_ADC_Read 0075                  ??_setup 0074    I2C_Slave_Init@address 0073  
             __pmaintext 00C7               __pintentry 0004                  _SSPCON2 0091  
                _SSPSTAT 0094                ?_setupADC 0070                  __ptext1 00DF  
                __ptext2 0092                  __ptext3 00AD                  __ptext4 0073  
                __ptext5 0016     end_of_initialization 0012               ??_setupADC 0073  
         _I2C_Slave_Init 00AD                _TRISCbits 0087   __end_of_I2C_Slave_Init 00C7  
    start_initialization 000F              __end_of_isr 0073          ?_I2C_Slave_Init 0070  
            __pbssCOMMON 0077                ___latbits 0002                 _ADC_Read 0073  
      interrupt_function 0004                 _PIR1bits 000C               _ADCON0bits 001F  
             _ADCON1bits 009F         ??_I2C_Slave_Init 0073                 _setupADC 00DF  
               intlevel1 0000               _OSCCONbits 008F              _SSPCON2bits 0091  
             _SSPCONbits 0014  
